Using pre-set license
Built from '2021.3/staging' branch; Version is '2021.3.25f1 (68ef2c4f8861) revision 6876972'; Using compiler version '192829333'; Build Type 'Release'
OS: 'Windows 10  (10.0.19045) 64bit CoreSingleLanguage' Language: 'en' Physical Memory: 8099 MB
BatchMode: 1, IsHumanControllingUs: 0, StartBugReporterOnCrash: 0, Is64bit: 1, IsPro: 1

COMMAND LINE ARGUMENTS:
C:\Program Files\Unity\Hub\Editor\2021.3.25f1\Editor\Unity.exe
-adb2
-batchMode
-noUpm
-name
AssetImportWorker1
-projectPath
D:/All Files/Metaverse/Unity/Project/My project (2)
-logFile
Logs/AssetImportWorker1.log
-srvPort
51348
Successfully changed project path to: D:/All Files/Metaverse/Unity/Project/My project (2)
D:/All Files/Metaverse/Unity/Project/My project (2)
[UnityMemory] Configuration Parameters - Can be set up in boot.config
    "memorysetup-bucket-allocator-granularity=16"
    "memorysetup-bucket-allocator-bucket-count=8"
    "memorysetup-bucket-allocator-block-size=33554432"
    "memorysetup-bucket-allocator-block-count=8"
    "memorysetup-main-allocator-block-size=16777216"
    "memorysetup-thread-allocator-block-size=16777216"
    "memorysetup-gfx-main-allocator-block-size=16777216"
    "memorysetup-gfx-thread-allocator-block-size=16777216"
    "memorysetup-cache-allocator-block-size=4194304"
    "memorysetup-typetree-allocator-block-size=2097152"
    "memorysetup-profiler-bucket-allocator-granularity=16"
    "memorysetup-profiler-bucket-allocator-bucket-count=8"
    "memorysetup-profiler-bucket-allocator-block-size=33554432"
    "memorysetup-profiler-bucket-allocator-block-count=8"
    "memorysetup-profiler-allocator-block-size=16777216"
    "memorysetup-profiler-editor-allocator-block-size=1048576"
    "memorysetup-temp-allocator-size-main=16777216"
    "memorysetup-job-temp-allocator-block-size=2097152"
    "memorysetup-job-temp-allocator-block-size-background=1048576"
    "memorysetup-job-temp-allocator-reduction-small-platforms=262144"
    "memorysetup-temp-allocator-size-background-worker=32768"
    "memorysetup-temp-allocator-size-job-worker=262144"
    "memorysetup-temp-allocator-size-preload-manager=33554432"
    "memorysetup-temp-allocator-size-nav-mesh-worker=65536"
    "memorysetup-temp-allocator-size-audio-worker=65536"
    "memorysetup-temp-allocator-size-cloud-worker=32768"
    "memorysetup-temp-allocator-size-gi-baking-worker=262144"
    "memorysetup-temp-allocator-size-gfx=262144"
Player connection [16296] Host "[IP] 192.168.20.37 [Port] 0 [Flags] 2 [Guid] 695271081 [EditorId] 695271081 [Version] 1048832 [Id] WindowsEditor(7,LAPTOP-A33KT2TR) [Debug] 1 [PackageName] WindowsEditor [ProjectName] Editor" joined multi-casting on [225.0.0.222:54997]...

Player connection [16296] Host "[IP] 192.168.20.37 [Port] 0 [Flags] 2 [Guid] 695271081 [EditorId] 695271081 [Version] 1048832 [Id] WindowsEditor(7,LAPTOP-A33KT2TR) [Debug] 1 [PackageName] WindowsEditor [ProjectName] Editor" joined alternative multi-casting on [225.0.0.222:34997]...

Refreshing native plugins compatible for Editor in 806.02 ms, found 3 plugins.
Preloading 0 native plugins for Editor in 0.00 ms.
Initialize engine version: 2021.3.25f1 (68ef2c4f8861)
[Subsystems] Discovering subsystems at path C:/Program Files/Unity/Hub/Editor/2021.3.25f1/Editor/Data/Resources/UnitySubsystems
[Subsystems] Discovering subsystems at path D:/All Files/Metaverse/Unity/Project/My project (2)/Assets
GfxDevice: creating device client; threaded=0; jobified=0
Direct3D:
    Version:  Direct3D 11.0 [level 11.1]
    Renderer: NVIDIA GeForce GTX 1650 (ID=0x1f99)
    Vendor:   NVIDIA
    VRAM:     3962 MB
    Driver:   31.0.15.1700
Initialize mono
Mono path[0] = 'C:/Program Files/Unity/Hub/Editor/2021.3.25f1/Editor/Data/Managed'
Mono path[1] = 'C:/Program Files/Unity/Hub/Editor/2021.3.25f1/Editor/Data/MonoBleedingEdge/lib/mono/unityjit-win32'
Mono config path = 'C:/Program Files/Unity/Hub/Editor/2021.3.25f1/Editor/Data/MonoBleedingEdge/etc'
Using monoOptions --debugger-agent=transport=dt_socket,embedding=1,server=y,suspend=n,address=127.0.0.1:56800
Begin MonoManager ReloadAssembly
Registering precompiled unity dll's ...
Register platform support module: C:/Program Files/Unity/Hub/Editor/2021.3.25f1/Editor/Data/PlaybackEngines/AndroidPlayer/UnityEditor.Android.Extensions.dll
Register platform support module: C:/Program Files/Unity/Hub/Editor/2021.3.25f1/Editor/Data/PlaybackEngines/WindowsStandaloneSupport/UnityEditor.WindowsStandalone.Extensions.dll
Registered in 0.009975 seconds.
Native extension for WindowsStandalone target not found
Native extension for Android target not found
Android Extension - Scanning For ADB Devices 1037 ms
Refreshing native plugins compatible for Editor in 98.30 ms, found 3 plugins.
Preloading 0 native plugins for Editor in 0.00 ms.
Mono: successfully reloaded assembly
- Completed reload, in  1.953 seconds
Domain Reload Profiling:
	ReloadAssembly (1954ms)
		BeginReloadAssembly (132ms)
			ExecutionOrderSort (0ms)
			DisableScriptedObjects (0ms)
			BackupInstance (0ms)
			ReleaseScriptingObjects (0ms)
			CreateAndSetChildDomain (1ms)
		EndReloadAssembly (1694ms)
			LoadAssemblies (130ms)
			RebuildTransferFunctionScriptingTraits (0ms)
			SetupTypeCache (147ms)
			ReleaseScriptCaches (0ms)
			RebuildScriptCaches (35ms)
			SetupLoadedEditorAssemblies (1444ms)
				LogAssemblyErrors (0ms)
				InitializePlatformSupportModulesInManaged (1152ms)
				SetLoadedEditorAssemblies (0ms)
				RefreshPlugins (98ms)
				BeforeProcessingInitializeOnLoad (1ms)
				ProcessInitializeOnLoadAttributes (111ms)
				ProcessInitializeOnLoadMethodAttributes (80ms)
				AfterProcessingInitializeOnLoad (0ms)
				EditorAssembliesLoaded (0ms)
			ExecutionOrderSort2 (0ms)
			AwakeInstancesAfterBackupRestoration (0ms)
Platform modules already initialized, skipping
Registering precompiled user dll's ...
Registered in 0.009790 seconds.
Begin MonoManager ReloadAssembly
Symbol file LoadedFromMemory doesn't match image D:\All Files\Metaverse\Unity\Project\My project (2)\Library\PackageCache\com.unity.visualscripting@1.8.0\Editor\VisualScripting.Core\Dependencies\YamlDotNet\Unity.VisualScripting.YamlDotNet.dll
Symbol file LoadedFromMemory doesn't match image D:\All Files\Metaverse\Unity\Project\My project (2)\Library\PackageCache\com.unity.visualscripting@1.8.0\Editor\VisualScripting.Core\Dependencies\DotNetZip\Unity.VisualScripting.IonicZip.dll
Native extension for WindowsStandalone target not found
Native extension for Android target not found
Refreshing native plugins compatible for Editor in 0.54 ms, found 3 plugins.
Preloading 0 native plugins for Editor in 0.00 ms.
Mono: successfully reloaded assembly
- Completed reload, in  2.195 seconds
Domain Reload Profiling:
	ReloadAssembly (2196ms)
		BeginReloadAssembly (151ms)
			ExecutionOrderSort (0ms)
			DisableScriptedObjects (7ms)
			BackupInstance (0ms)
			ReleaseScriptingObjects (0ms)
			CreateAndSetChildDomain (22ms)
		EndReloadAssembly (1899ms)
			LoadAssemblies (978ms)
			RebuildTransferFunctionScriptingTraits (0ms)
			SetupTypeCache (368ms)
			ReleaseScriptCaches (1ms)
			RebuildScriptCaches (79ms)
			SetupLoadedEditorAssemblies (434ms)
				LogAssemblyErrors (0ms)
				InitializePlatformSupportModulesInManaged (30ms)
				SetLoadedEditorAssemblies (0ms)
				RefreshPlugins (1ms)
				BeforeProcessingInitializeOnLoad (105ms)
				ProcessInitializeOnLoadAttributes (259ms)
				ProcessInitializeOnLoadMethodAttributes (24ms)
				AfterProcessingInitializeOnLoad (14ms)
				EditorAssembliesLoaded (0ms)
			ExecutionOrderSort2 (0ms)
			AwakeInstancesAfterBackupRestoration (7ms)
Platform modules already initialized, skipping
========================================================================
Worker process is ready to serve import requests
Launched and connected shader compiler UnityShaderCompiler.exe after 0.16 seconds
Refreshing native plugins compatible for Editor in 0.96 ms, found 3 plugins.
Preloading 0 native plugins for Editor in 0.00 ms.
Unloading 3111 Unused Serialized files (Serialized files now loaded: 0)
Unloading 25 unused Assets / (355.2 KB). Loaded Objects now: 3575.
Memory consumption went from 116.7 MB to 116.4 MB.
Total: 4.804800 ms (FindLiveObjects: 0.487300 ms CreateObjectMapping: 0.413500 ms MarkObjects: 3.742300 ms  DeleteObjects: 0.160500 ms)

AssetImportParameters requested are different than current active one (requested -> active):
  custom:video-decoder-ogg-theora: a1e56fd34408186e4bbccfd4996cb3dc -> 
  custom:container-muxer-webm: aa71ff27fc2769a1b78a27578f13a17b -> 
  custom:container-demuxer-webm: 4f35f7cbe854078d1ac9338744f61a02 -> 
  custom:video-encoder-webm-vp8: eb34c28f22e8b96e1ab97ce403110664 -> 
  custom:video-codec-MediaFoundation-h265: 746d11721c4dcdbdad8f713fa42b33f4 -> 
  custom:audio-encoder-webm-vorbis: bf7c407c2cedff20999df2af8eb42d56 -> 
  custom:framework-win-MediaFoundation: 216162199b28c13a410421893ffa2e32 -> 
  custom:container-demuxer-ogg: 62fdf1f143b41e24485cea50d1cbac27 -> 
  custom:video-decoder-webm-vp8: 9c59270c3fd7afecdb556c50c9e8de78 -> 
  custom:audio-decoder-ogg-vorbis: bf7c407c2cedff20999df2af8eb42d56 -> 
========================================================================
Received Import Request.
  Time since last request: 230006.553907 seconds.
  path: Assets/Fbx/Remy@WalkBack.fbx
  artifactKey: Guid(f529e88824de84d87a11d310ddbcc86e) Importer(815301076,1909f56bfc062723c751e8b465ee728b)
Start importing Assets/Fbx/Remy@WalkBack.fbx using Guid(f529e88824de84d87a11d310ddbcc86e) Importer(815301076,1909f56bfc062723c751e8b465ee728b)  -> (artifact id: '75bc64b91bf87d9e75ea1fead1bc38a7') in 0.429882 seconds 
========================================================================
Received Import Request.
  Time since last request: 0.000038 seconds.
  path: Assets/Images/Joystick.png
  artifactKey: Guid(649020b3c89534e5c9aec5fdabadafa2) Importer(815301076,1909f56bfc062723c751e8b465ee728b)
Start importing Assets/Images/Joystick.png using Guid(649020b3c89534e5c9aec5fdabadafa2) Importer(815301076,1909f56bfc062723c751e8b465ee728b)  -> (artifact id: '0b26716c8581a9bcdd2d68e9f3da69b3') in 0.125062 seconds 
========================================================================
Received Import Request.
  Time since last request: 0.000038 seconds.
  path: Assets/Images/border.png
  artifactKey: Guid(1f46eb076a02c4d8cbd9748c4aae873d) Importer(815301076,1909f56bfc062723c751e8b465ee728b)
Start importing Assets/Images/border.png using Guid(1f46eb076a02c4d8cbd9748c4aae873d) Importer(815301076,1909f56bfc062723c751e8b465ee728b)  -> (artifact id: '93893fefa32ea49ec528fff8c277a931') in 0.065850 seconds 
========================================================================
Received Import Request.
  Time since last request: 0.000022 seconds.
  path: Assets/Images/box.png
  artifactKey: Guid(d15681cc807c24c03baf3f6936663561) Importer(815301076,1909f56bfc062723c751e8b465ee728b)
Start importing Assets/Images/box.png using Guid(d15681cc807c24c03baf3f6936663561) Importer(815301076,1909f56bfc062723c751e8b465ee728b)  -> (artifact id: 'a97d784a870149f391ebe159e2cd76c3') in 0.036482 seconds 
========================================================================
Received Import Request.
  Time since last request: 0.000037 seconds.
  path: Assets/Images/Boss.png
  artifactKey: Guid(327bc26e1020341caaea287d6a56f6d3) Importer(815301076,1909f56bfc062723c751e8b465ee728b)
Start importing Assets/Images/Boss.png using Guid(327bc26e1020341caaea287d6a56f6d3) Importer(815301076,1909f56bfc062723c751e8b465ee728b)  -> (artifact id: '8de06cad8f6677a55e234f8ec887c7ff') in 0.116529 seconds 
========================================================================
Received Import Request.
  Time since last request: 0.000050 seconds.
  path: Assets/Fbx/Ortiz@Dying.fbx
  artifactKey: Guid(a25b2d37798294dc280e52818ec78f8d) Importer(815301076,1909f56bfc062723c751e8b465ee728b)
Start importing Assets/Fbx/Ortiz@Dying.fbx using Guid(a25b2d37798294dc280e52818ec78f8d) Importer(815301076,1909f56bfc062723c751e8b465ee728b)  -> (artifact id: 'd279b8a6f8bc56a72d4ef9b8206b0648') in 0.099450 seconds 
========================================================================
Received Import Request.
  Time since last request: 0.000073 seconds.
  path: Assets/Images/square.jpg
  artifactKey: Guid(c8ae88d4c85b1421981137c655e73f21) Importer(815301076,1909f56bfc062723c751e8b465ee728b)
Start importing Assets/Images/square.jpg using Guid(c8ae88d4c85b1421981137c655e73f21) Importer(815301076,1909f56bfc062723c751e8b465ee728b)  -> (artifact id: '3a3daf22eaf28d2ca88a0e76c3f255b6') in 0.107255 seconds 
========================================================================
Received Import Request.
  Time since last request: 0.000056 seconds.
  path: Assets/Images/Ortiz.png
  artifactKey: Guid(acb3717f913304d3fb7157564fad06fe) Importer(815301076,1909f56bfc062723c751e8b465ee728b)
Start importing Assets/Images/Ortiz.png using Guid(acb3717f913304d3fb7157564fad06fe) Importer(815301076,1909f56bfc062723c751e8b465ee728b)  -> (artifact id: '15894fbd676691f1fff7fbae9bd8e28e') in 0.148643 seconds 
========================================================================
Received Import Request.
  Time since last request: 0.000037 seconds.
  path: Assets/Fbx/Remy.fbx
  artifactKey: Guid(915b29929edde44e8a28203ecb3845e8) Importer(815301076,1909f56bfc062723c751e8b465ee728b)
Start importing Assets/Fbx/Remy.fbx using Guid(915b29929edde44e8a28203ecb3845e8) Importer(815301076,1909f56bfc062723c751e8b465ee728b)  -> (artifact id: '89ac3c246c86cb12b45c4bf88fa5f91f') in 1.338322 seconds 
========================================================================
Received Import Request.
  Time since last request: 0.000077 seconds.
  path: Assets/Images/rocky_trail_02_diff_1k.jpg
  artifactKey: Guid(67846f6c900924f998bfe74af4fb3368) Importer(815301076,1909f56bfc062723c751e8b465ee728b)
Start importing Assets/Images/rocky_trail_02_diff_1k.jpg using Guid(67846f6c900924f998bfe74af4fb3368) Importer(815301076,1909f56bfc062723c751e8b465ee728b)  -> (artifact id: '785b55ebaa511182ae00b9e771ee82ef') in 0.009893 seconds 
========================================================================
Received Import Request.
  Time since last request: 0.000019 seconds.
  path: Assets/Fbx/Amy@Idle.fbx
  artifactKey: Guid(9a9b4fef29223418c8beb8eed7d8657a) Importer(815301076,1909f56bfc062723c751e8b465ee728b)
Start importing Assets/Fbx/Amy@Idle.fbx using Guid(9a9b4fef29223418c8beb8eed7d8657a) Importer(815301076,1909f56bfc062723c751e8b465ee728b)  -> (artifact id: '087fe7bfcf6ee8a572faff736e86b38c') in 0.112657 seconds 
========================================================================
Received Import Request.
  Time since last request: 0.000029 seconds.
  path: Assets/Fbx/Boss@HitToHead.fbx
  artifactKey: Guid(4d4e21a5f397e4a5fa5265e18f79f456) Importer(815301076,1909f56bfc062723c751e8b465ee728b)
Start importing Assets/Fbx/Boss@HitToHead.fbx using Guid(4d4e21a5f397e4a5fa5265e18f79f456) Importer(815301076,1909f56bfc062723c751e8b465ee728b)  -> (artifact id: '1a0b44b3dbf527fe499f7dfe1360fc5e') in 0.006524 seconds 
========================================================================
Received Import Request.
  Time since last request: 0.000023 seconds.
  path: Assets/Fbx/Boss@Idle.fbx
  artifactKey: Guid(eac100111ffa14b439aa7c47e3cf650e) Importer(815301076,1909f56bfc062723c751e8b465ee728b)
Start importing Assets/Fbx/Boss@Idle.fbx using Guid(eac100111ffa14b439aa7c47e3cf650e) Importer(815301076,1909f56bfc062723c751e8b465ee728b)  -> (artifact id: '39bab4dbd4b894189477a30a3422c6c2') in 0.023672 seconds 
========================================================================
Received Import Request.
  Time since last request: 0.000032 seconds.
  path: Assets/Fbx/Boss@WalkBack.fbx
  artifactKey: Guid(261ba321c30ec470cbee57521520a051) Importer(815301076,1909f56bfc062723c751e8b465ee728b)
Start importing Assets/Fbx/Boss@WalkBack.fbx using Guid(261ba321c30ec470cbee57521520a051) Importer(815301076,1909f56bfc062723c751e8b465ee728b)  -> (artifact id: '25a6d11a5334f3755045526e652bb720') in 0.023636 seconds 
========================================================================
Received Import Request.
  Time since last request: 0.000019 seconds.
  path: Assets/Fonts/Nunito-Regular.ttf
  artifactKey: Guid(dc116aadc16fb4193b81607f03dfc874) Importer(815301076,1909f56bfc062723c751e8b465ee728b)
Start importing Assets/Fonts/Nunito-Regular.ttf using Guid(dc116aadc16fb4193b81607f03dfc874) Importer(815301076,1909f56bfc062723c751e8b465ee728b)  -> (artifact id: 'ba103353dc2b41638da31b842d609234') in 0.069987 seconds 
========================================================================
Received Import Request.
  Time since last request: 0.000028 seconds.
  path: Assets/Fbx/Amy@Punch.fbx
  artifactKey: Guid(a3aacab0e4bb14e31bf717bc309468dd) Importer(815301076,1909f56bfc062723c751e8b465ee728b)
Start importing Assets/Fbx/Amy@Punch.fbx using Guid(a3aacab0e4bb14e31bf717bc309468dd) Importer(815301076,1909f56bfc062723c751e8b465ee728b)  -> (artifact id: 'f1d816f9b4f34122c81377d67ebafe22') in 0.022601 seconds 
========================================================================
Received Import Request.
  Time since last request: 0.000038 seconds.
  path: Assets/Images/rocky_trail_02_disp_1k.png
  artifactKey: Guid(295adce8206a847158f51228c1437f97) Importer(815301076,1909f56bfc062723c751e8b465ee728b)
Start importing Assets/Images/rocky_trail_02_disp_1k.png using Guid(295adce8206a847158f51228c1437f97) Importer(815301076,1909f56bfc062723c751e8b465ee728b)  -> (artifact id: 'e4c9df3b2d79261b3c76e250eed04d18') in 0.048480 seconds 
========================================================================
Received Import Request.
  Time since last request: 0.000027 seconds.
  path: Assets/Fbx/Ortiz@HitToHead.fbx
  artifactKey: Guid(12e771c66466540409cce94d0aef0c9a) Importer(815301076,1909f56bfc062723c751e8b465ee728b)
Start importing Assets/Fbx/Ortiz@HitToHead.fbx using Guid(12e771c66466540409cce94d0aef0c9a) Importer(815301076,1909f56bfc062723c751e8b465ee728b)  -> (artifact id: 'ac0eea5083f218291114ebd1b7304510') in 0.014363 seconds 
========================================================================
Received Import Request.
  Time since last request: 0.000022 seconds.
  path: Assets/Fbx/Remy@FlyingPunch.fbx
  artifactKey: Guid(9f2b113d2f49b4aa3878498e0f8d365e) Importer(815301076,1909f56bfc062723c751e8b465ee728b)
Start importing Assets/Fbx/Remy@FlyingPunch.fbx using Guid(9f2b113d2f49b4aa3878498e0f8d365e) Importer(815301076,1909f56bfc062723c751e8b465ee728b)  -> (artifact id: '75735c913aebdeef5cc1cd20232626eb') in 0.081242 seconds 
========================================================================
Received Import Request.
  Time since last request: 0.000022 seconds.
  path: Assets/Fbx/Boss@Run.fbx
  artifactKey: Guid(787c10cfb092246ecbcf31582a9c0f50) Importer(815301076,1909f56bfc062723c751e8b465ee728b)
Start importing Assets/Fbx/Boss@Run.fbx using Guid(787c10cfb092246ecbcf31582a9c0f50) Importer(815301076,1909f56bfc062723c751e8b465ee728b)  -> (artifact id: '027270f3cb325f235be008876b3d04b9') in 0.007782 seconds 
========================================================================
Received Import Request.
  Time since last request: 0.000038 seconds.
  path: Assets/Images/Ellipse.png
  artifactKey: Guid(1d233942b50d04621821a0d7b0437bad) Importer(815301076,1909f56bfc062723c751e8b465ee728b)
Start importing Assets/Images/Ellipse.png using Guid(1d233942b50d04621821a0d7b0437bad) Importer(815301076,1909f56bfc062723c751e8b465ee728b)  -> (artifact id: '144713fdd81788305c0c47849d7004e5') in 0.024871 seconds 
========================================================================
Received Import Request.
  Time since last request: 19.664970 seconds.
  path: Assets/Materials/GrayScale.mat
  artifactKey: Guid(86bb23c7790bd4413921b335f9c6b342) Importer(815301076,1909f56bfc062723c751e8b465ee728b)
Start importing Assets/Materials/GrayScale.mat using Guid(86bb23c7790bd4413921b335f9c6b342) Importer(815301076,1909f56bfc062723c751e8b465ee728b)  -> (artifact id: '5962d5ed9892af58dd7e6a0617783afc') in 0.146436 seconds 
========================================================================
Received Import Request.
  Time since last request: 0.000031 seconds.
  path: Assets/Materials/Skybox.mat
  artifactKey: Guid(e7295e2f0003f4535b741ff707584778) Importer(815301076,1909f56bfc062723c751e8b465ee728b)
Start importing Assets/Materials/Skybox.mat using Guid(e7295e2f0003f4535b741ff707584778) Importer(815301076,1909f56bfc062723c751e8b465ee728b)  -> (artifact id: 'ee256274c8a5253dc7d61fb724776570') in 0.038478 seconds 
========================================================================
Received Import Request.
  Time since last request: 38.464150 seconds.
  path: Assets/textures/laminate_floor_02_diff_4k.jpg
  artifactKey: Guid(725e2bad737668f45b02739c50aa0b6d) Importer(815301076,1909f56bfc062723c751e8b465ee728b)
Start importing Assets/textures/laminate_floor_02_diff_4k.jpg using Guid(725e2bad737668f45b02739c50aa0b6d) Importer(815301076,1909f56bfc062723c751e8b465ee728b)  -> (artifact id: '353b03e955810541c3ddd05e78723ffc') in 0.385384 seconds 
========================================================================
Received Prepare
Registering precompiled user dll's ...
Registered in 0.002871 seconds.
Begin MonoManager ReloadAssembly
Symbol file LoadedFromMemory doesn't match image D:\All Files\Metaverse\Unity\Project\My project (2)\Library\PackageCache\com.unity.visualscripting@1.8.0\Editor\VisualScripting.Core\Dependencies\YamlDotNet\Unity.VisualScripting.YamlDotNet.dll
Symbol file LoadedFromMemory doesn't match image D:\All Files\Metaverse\Unity\Project\My project (2)\Library\PackageCache\com.unity.visualscripting@1.8.0\Editor\VisualScripting.Core\Dependencies\DotNetZip\Unity.VisualScripting.IonicZip.dll
Native extension for WindowsStandalone target not found
Native extension for Android target not found
Refreshing native plugins compatible for Editor in 1.30 ms, found 3 plugins.
Preloading 0 native plugins for Editor in 0.00 ms.
Mono: successfully reloaded assembly
- Completed reload, in  1.105 seconds
Domain Reload Profiling:
	ReloadAssembly (1105ms)
		BeginReloadAssembly (171ms)
			ExecutionOrderSort (0ms)
			DisableScriptedObjects (5ms)
			BackupInstance (0ms)
			ReleaseScriptingObjects (0ms)
			CreateAndSetChildDomain (41ms)
		EndReloadAssembly (829ms)
			LoadAssemblies (107ms)
			RebuildTransferFunctionScriptingTraits (0ms)
			SetupTypeCache (308ms)
			ReleaseScriptCaches (1ms)
			RebuildScriptCaches (39ms)
			SetupLoadedEditorAssemblies (347ms)
				LogAssemblyErrors (0ms)
				InitializePlatformSupportModulesInManaged (30ms)
				SetLoadedEditorAssemblies (1ms)
				RefreshPlugins (1ms)
				BeforeProcessingInitializeOnLoad (83ms)
				ProcessInitializeOnLoadAttributes (199ms)
				ProcessInitializeOnLoadMethodAttributes (21ms)
				AfterProcessingInitializeOnLoad (13ms)
				EditorAssembliesLoaded (0ms)
			ExecutionOrderSort2 (0ms)
			AwakeInstancesAfterBackupRestoration (6ms)
Platform modules already initialized, skipping
Refreshing native plugins compatible for Editor in 2.42 ms, found 3 plugins.
Preloading 0 native plugins for Editor in 0.00 ms.
Unloading 3092 Unused Serialized files (Serialized files now loaded: 0)
Unloading 18 unused Assets / (94.1 KB). Loaded Objects now: 3643.
Memory consumption went from 128.0 MB to 127.9 MB.
Total: 4.677800 ms (FindLiveObjects: 0.330900 ms CreateObjectMapping: 0.337700 ms MarkObjects: 3.637900 ms  DeleteObjects: 0.369800 ms)

AssetImportParameters requested are different than current active one (requested -> active):
  custom:video-decoder-ogg-theora: a1e56fd34408186e4bbccfd4996cb3dc -> 
  custom:container-muxer-webm: aa71ff27fc2769a1b78a27578f13a17b -> 
  custom:container-demuxer-webm: 4f35f7cbe854078d1ac9338744f61a02 -> 
  custom:video-encoder-webm-vp8: eb34c28f22e8b96e1ab97ce403110664 -> 
  custom:video-codec-MediaFoundation-h265: 746d11721c4dcdbdad8f713fa42b33f4 -> 
  custom:audio-encoder-webm-vorbis: bf7c407c2cedff20999df2af8eb42d56 -> 
  custom:framework-win-MediaFoundation: 216162199b28c13a410421893ffa2e32 -> 
  custom:container-demuxer-ogg: 62fdf1f143b41e24485cea50d1cbac27 -> 
  custom:video-decoder-webm-vp8: 9c59270c3fd7afecdb556c50c9e8de78 -> 
  custom:audio-decoder-ogg-vorbis: bf7c407c2cedff20999df2af8eb42d56 -> 
========================================================================
Received Prepare
Registering precompiled user dll's ...
Registered in 0.004147 seconds.
Begin MonoManager ReloadAssembly
Symbol file LoadedFromMemory doesn't match image D:\All Files\Metaverse\Unity\Project\My project (2)\Library\PackageCache\com.unity.visualscripting@1.8.0\Editor\VisualScripting.Core\Dependencies\YamlDotNet\Unity.VisualScripting.YamlDotNet.dll
Symbol file LoadedFromMemory doesn't match image D:\All Files\Metaverse\Unity\Project\My project (2)\Library\PackageCache\com.unity.visualscripting@1.8.0\Editor\VisualScripting.Core\Dependencies\DotNetZip\Unity.VisualScripting.IonicZip.dll
Native extension for WindowsStandalone target not found
Native extension for Android target not found
Refreshing native plugins compatible for Editor in 0.63 ms, found 3 plugins.
Preloading 0 native plugins for Editor in 0.00 ms.
Mono: successfully reloaded assembly
- Completed reload, in  1.511 seconds
Domain Reload Profiling:
	ReloadAssembly (1512ms)
		BeginReloadAssembly (209ms)
			ExecutionOrderSort (0ms)
			DisableScriptedObjects (9ms)
			BackupInstance (0ms)
			ReleaseScriptingObjects (0ms)
			CreateAndSetChildDomain (49ms)
		EndReloadAssembly (1118ms)
			LoadAssemblies (144ms)
			RebuildTransferFunctionScriptingTraits (0ms)
			SetupTypeCache (383ms)
			ReleaseScriptCaches (2ms)
			RebuildScriptCaches (50ms)
			SetupLoadedEditorAssemblies (495ms)
				LogAssemblyErrors (0ms)
				InitializePlatformSupportModulesInManaged (29ms)
				SetLoadedEditorAssemblies (0ms)
				RefreshPlugins (1ms)
				BeforeProcessingInitializeOnLoad (85ms)
				ProcessInitializeOnLoadAttributes (313ms)
				ProcessInitializeOnLoadMethodAttributes (45ms)
				AfterProcessingInitializeOnLoad (21ms)
				EditorAssembliesLoaded (0ms)
			ExecutionOrderSort2 (0ms)
			AwakeInstancesAfterBackupRestoration (8ms)
Platform modules already initialized, skipping
Refreshing native plugins compatible for Editor in 2.23 ms, found 3 plugins.
Preloading 0 native plugins for Editor in 0.00 ms.
Unloading 3092 Unused Serialized files (Serialized files now loaded: 0)
Unloading 18 unused Assets / (94.1 KB). Loaded Objects now: 3646.
Memory consumption went from 128.0 MB to 128.0 MB.
Total: 3.333200 ms (FindLiveObjects: 0.260700 ms CreateObjectMapping: 0.165700 ms MarkObjects: 2.794300 ms  DeleteObjects: 0.111500 ms)

AssetImportParameters requested are different than current active one (requested -> active):
  custom:video-decoder-ogg-theora: a1e56fd34408186e4bbccfd4996cb3dc -> 
  custom:container-muxer-webm: aa71ff27fc2769a1b78a27578f13a17b -> 
  custom:container-demuxer-webm: 4f35f7cbe854078d1ac9338744f61a02 -> 
  custom:video-encoder-webm-vp8: eb34c28f22e8b96e1ab97ce403110664 -> 
  custom:video-codec-MediaFoundation-h265: 746d11721c4dcdbdad8f713fa42b33f4 -> 
  custom:audio-encoder-webm-vorbis: bf7c407c2cedff20999df2af8eb42d56 -> 
  custom:framework-win-MediaFoundation: 216162199b28c13a410421893ffa2e32 -> 
  custom:container-demuxer-ogg: 62fdf1f143b41e24485cea50d1cbac27 -> 
  custom:video-decoder-webm-vp8: 9c59270c3fd7afecdb556c50c9e8de78 -> 
  custom:audio-decoder-ogg-vorbis: bf7c407c2cedff20999df2af8eb42d56 -> 
========================================================================
Received Prepare
Registering precompiled user dll's ...
Registered in 0.004750 seconds.
Begin MonoManager ReloadAssembly
Symbol file LoadedFromMemory doesn't match image D:\All Files\Metaverse\Unity\Project\My project (2)\Library\PackageCache\com.unity.visualscripting@1.8.0\Editor\VisualScripting.Core\Dependencies\YamlDotNet\Unity.VisualScripting.YamlDotNet.dll
Symbol file LoadedFromMemory doesn't match image D:\All Files\Metaverse\Unity\Project\My project (2)\Library\PackageCache\com.unity.visualscripting@1.8.0\Editor\VisualScripting.Core\Dependencies\DotNetZip\Unity.VisualScripting.IonicZip.dll
Native extension for WindowsStandalone target not found
Native extension for Android target not found
Refreshing native plugins compatible for Editor in 1.06 ms, found 3 plugins.
Preloading 0 native plugins for Editor in 0.00 ms.
Mono: successfully reloaded assembly
- Completed reload, in  1.304 seconds
Domain Reload Profiling:
	ReloadAssembly (1305ms)
		BeginReloadAssembly (153ms)
			ExecutionOrderSort (0ms)
			DisableScriptedObjects (6ms)
			BackupInstance (0ms)
			ReleaseScriptingObjects (0ms)
			CreateAndSetChildDomain (36ms)
		EndReloadAssembly (1022ms)
			LoadAssemblies (93ms)
			RebuildTransferFunctionScriptingTraits (0ms)
			SetupTypeCache (360ms)
			ReleaseScriptCaches (2ms)
			RebuildScriptCaches (63ms)
			SetupLoadedEditorAssemblies (430ms)
				LogAssemblyErrors (0ms)
				InitializePlatformSupportModulesInManaged (31ms)
				SetLoadedEditorAssemblies (1ms)
				RefreshPlugins (1ms)
				BeforeProcessingInitializeOnLoad (93ms)
				ProcessInitializeOnLoadAttributes (262ms)
				ProcessInitializeOnLoadMethodAttributes (28ms)
				AfterProcessingInitializeOnLoad (14ms)
				EditorAssembliesLoaded (0ms)
			ExecutionOrderSort2 (0ms)
			AwakeInstancesAfterBackupRestoration (8ms)
Platform modules already initialized, skipping
Refreshing native plugins compatible for Editor in 2.67 ms, found 3 plugins.
Preloading 0 native plugins for Editor in 0.00 ms.
Unloading 3092 Unused Serialized files (Serialized files now loaded: 0)
Unloading 18 unused Assets / (94.1 KB). Loaded Objects now: 3649.
Memory consumption went from 128.1 MB to 128.0 MB.
Total: 4.329700 ms (FindLiveObjects: 0.284500 ms CreateObjectMapping: 0.209700 ms MarkObjects: 3.701300 ms  DeleteObjects: 0.133000 ms)

AssetImportParameters requested are different than current active one (requested -> active):
  custom:video-decoder-ogg-theora: a1e56fd34408186e4bbccfd4996cb3dc -> 
  custom:container-muxer-webm: aa71ff27fc2769a1b78a27578f13a17b -> 
  custom:container-demuxer-webm: 4f35f7cbe854078d1ac9338744f61a02 -> 
  custom:video-encoder-webm-vp8: eb34c28f22e8b96e1ab97ce403110664 -> 
  custom:video-codec-MediaFoundation-h265: 746d11721c4dcdbdad8f713fa42b33f4 -> 
  custom:audio-encoder-webm-vorbis: bf7c407c2cedff20999df2af8eb42d56 -> 
  custom:framework-win-MediaFoundation: 216162199b28c13a410421893ffa2e32 -> 
  custom:container-demuxer-ogg: 62fdf1f143b41e24485cea50d1cbac27 -> 
  custom:video-decoder-webm-vp8: 9c59270c3fd7afecdb556c50c9e8de78 -> 
  custom:audio-decoder-ogg-vorbis: bf7c407c2cedff20999df2af8eb42d56 -> 
========================================================================
Received Prepare
Registering precompiled user dll's ...
Registered in 0.002896 seconds.
Begin MonoManager ReloadAssembly
Symbol file LoadedFromMemory doesn't match image D:\All Files\Metaverse\Unity\Project\My project (2)\Library\PackageCache\com.unity.visualscripting@1.8.0\Editor\VisualScripting.Core\Dependencies\YamlDotNet\Unity.VisualScripting.YamlDotNet.dll
Symbol file LoadedFromMemory doesn't match image D:\All Files\Metaverse\Unity\Project\My project (2)\Library\PackageCache\com.unity.visualscripting@1.8.0\Editor\VisualScripting.Core\Dependencies\DotNetZip\Unity.VisualScripting.IonicZip.dll
Native extension for WindowsStandalone target not found
Native extension for Android target not found
Refreshing native plugins compatible for Editor in 0.65 ms, found 3 plugins.
Preloading 0 native plugins for Editor in 0.00 ms.
Mono: successfully reloaded assembly
- Completed reload, in  1.134 seconds
Domain Reload Profiling:
	ReloadAssembly (1134ms)
		BeginReloadAssembly (143ms)
			ExecutionOrderSort (0ms)
			DisableScriptedObjects (5ms)
			BackupInstance (0ms)
			ReleaseScriptingObjects (0ms)
			CreateAndSetChildDomain (33ms)
		EndReloadAssembly (901ms)
			LoadAssemblies (98ms)
			RebuildTransferFunctionScriptingTraits (0ms)
			SetupTypeCache (312ms)
			ReleaseScriptCaches (1ms)
			RebuildScriptCaches (55ms)
			SetupLoadedEditorAssemblies (381ms)
				LogAssemblyErrors (0ms)
				InitializePlatformSupportModulesInManaged (29ms)
				SetLoadedEditorAssemblies (1ms)
				RefreshPlugins (1ms)
				BeforeProcessingInitializeOnLoad (74ms)
				ProcessInitializeOnLoadAttributes (238ms)
				ProcessInitializeOnLoadMethodAttributes (24ms)
				AfterProcessingInitializeOnLoad (13ms)
				EditorAssembliesLoaded (0ms)
			ExecutionOrderSort2 (0ms)
			AwakeInstancesAfterBackupRestoration (7ms)
Platform modules already initialized, skipping
Refreshing native plugins compatible for Editor in 2.16 ms, found 3 plugins.
Preloading 0 native plugins for Editor in 0.00 ms.
Unloading 3092 Unused Serialized files (Serialized files now loaded: 0)
Unloading 18 unused Assets / (94.3 KB). Loaded Objects now: 3652.
Memory consumption went from 128.1 MB to 128.0 MB.
Total: 4.003100 ms (FindLiveObjects: 0.324400 ms CreateObjectMapping: 0.372400 ms MarkObjects: 3.148100 ms  DeleteObjects: 0.157300 ms)

AssetImportParameters requested are different than current active one (requested -> active):
  custom:video-decoder-ogg-theora: a1e56fd34408186e4bbccfd4996cb3dc -> 
  custom:container-muxer-webm: aa71ff27fc2769a1b78a27578f13a17b -> 
  custom:container-demuxer-webm: 4f35f7cbe854078d1ac9338744f61a02 -> 
  custom:video-encoder-webm-vp8: eb34c28f22e8b96e1ab97ce403110664 -> 
  custom:video-codec-MediaFoundation-h265: 746d11721c4dcdbdad8f713fa42b33f4 -> 
  custom:audio-encoder-webm-vorbis: bf7c407c2cedff20999df2af8eb42d56 -> 
  custom:framework-win-MediaFoundation: 216162199b28c13a410421893ffa2e32 -> 
  custom:container-demuxer-ogg: 62fdf1f143b41e24485cea50d1cbac27 -> 
  custom:video-decoder-webm-vp8: 9c59270c3fd7afecdb556c50c9e8de78 -> 
  custom:audio-decoder-ogg-vorbis: bf7c407c2cedff20999df2af8eb42d56 -> 
========================================================================
Received Prepare
Registering precompiled user dll's ...
Registered in 0.002601 seconds.
Begin MonoManager ReloadAssembly
Symbol file LoadedFromMemory doesn't match image D:\All Files\Metaverse\Unity\Project\My project (2)\Library\PackageCache\com.unity.visualscripting@1.8.0\Editor\VisualScripting.Core\Dependencies\YamlDotNet\Unity.VisualScripting.YamlDotNet.dll
Symbol file LoadedFromMemory doesn't match image D:\All Files\Metaverse\Unity\Project\My project (2)\Library\PackageCache\com.unity.visualscripting@1.8.0\Editor\VisualScripting.Core\Dependencies\DotNetZip\Unity.VisualScripting.IonicZip.dll
Native extension for WindowsStandalone target not found
Native extension for Android target not found
Refreshing native plugins compatible for Editor in 0.65 ms, found 3 plugins.
Preloading 0 native plugins for Editor in 0.00 ms.
Mono: successfully reloaded assembly
- Completed reload, in  1.070 seconds
Domain Reload Profiling:
	ReloadAssembly (1071ms)
		BeginReloadAssembly (140ms)
			ExecutionOrderSort (0ms)
			DisableScriptedObjects (5ms)
			BackupInstance (0ms)
			ReleaseScriptingObjects (0ms)
			CreateAndSetChildDomain (29ms)
		EndReloadAssembly (814ms)
			LoadAssemblies (89ms)
			RebuildTransferFunctionScriptingTraits (0ms)
			SetupTypeCache (288ms)
			ReleaseScriptCaches (1ms)
			RebuildScriptCaches (45ms)
			SetupLoadedEditorAssemblies (353ms)
				LogAssemblyErrors (0ms)
				InitializePlatformSupportModulesInManaged (28ms)
				SetLoadedEditorAssemblies (1ms)
				RefreshPlugins (1ms)
				BeforeProcessingInitializeOnLoad (73ms)
				ProcessInitializeOnLoadAttributes (217ms)
				ProcessInitializeOnLoadMethodAttributes (22ms)
				AfterProcessingInitializeOnLoad (11ms)
				EditorAssembliesLoaded (0ms)
			ExecutionOrderSort2 (0ms)
			AwakeInstancesAfterBackupRestoration (6ms)
Platform modules already initialized, skipping
Refreshing native plugins compatible for Editor in 1.90 ms, found 3 plugins.
Preloading 0 native plugins for Editor in 0.00 ms.
Unloading 3092 Unused Serialized files (Serialized files now loaded: 0)
Unloading 18 unused Assets / (94.1 KB). Loaded Objects now: 3655.
Memory consumption went from 128.1 MB to 128.0 MB.
Total: 3.318600 ms (FindLiveObjects: 0.400600 ms CreateObjectMapping: 0.303600 ms MarkObjects: 2.505600 ms  DeleteObjects: 0.107500 ms)

AssetImportParameters requested are different than current active one (requested -> active):
  custom:video-decoder-ogg-theora: a1e56fd34408186e4bbccfd4996cb3dc -> 
  custom:container-muxer-webm: aa71ff27fc2769a1b78a27578f13a17b -> 
  custom:container-demuxer-webm: 4f35f7cbe854078d1ac9338744f61a02 -> 
  custom:video-encoder-webm-vp8: eb34c28f22e8b96e1ab97ce403110664 -> 
  custom:video-codec-MediaFoundation-h265: 746d11721c4dcdbdad8f713fa42b33f4 -> 
  custom:audio-encoder-webm-vorbis: bf7c407c2cedff20999df2af8eb42d56 -> 
  custom:framework-win-MediaFoundation: 216162199b28c13a410421893ffa2e32 -> 
  custom:container-demuxer-ogg: 62fdf1f143b41e24485cea50d1cbac27 -> 
  custom:video-decoder-webm-vp8: 9c59270c3fd7afecdb556c50c9e8de78 -> 
  custom:audio-decoder-ogg-vorbis: bf7c407c2cedff20999df2af8eb42d56 -> 
