Using pre-set license
Built from '2021.3/staging' branch; Version is '2021.3.25f1 (68ef2c4f8861) revision 6876972'; Using compiler version '192829333'; Build Type 'Release'
OS: 'Windows 10  (10.0.19045) 64bit CoreSingleLanguage' Language: 'en' Physical Memory: 8099 MB
BatchMode: 1, IsHumanControllingUs: 0, StartBugReporterOnCrash: 0, Is64bit: 1, IsPro: 1

COMMAND LINE ARGUMENTS:
C:\Program Files\Unity\Hub\Editor\2021.3.25f1\Editor\Unity.exe
-adb2
-batchMode
-noUpm
-name
AssetImportWorker0
-projectPath
D:/All Files/Metaverse/Unity/Project/My project (2)
-logFile
Logs/AssetImportWorker0.log
-srvPort
63838
Successfully changed project path to: D:/All Files/Metaverse/Unity/Project/My project (2)
D:/All Files/Metaverse/Unity/Project/My project (2)
[UnityMemory] Configuration Parameters - Can be set up in boot.config
    "memorysetup-bucket-allocator-granularity=16"
    "memorysetup-bucket-allocator-bucket-count=8"
    "memorysetup-bucket-allocator-block-size=33554432"
    "memorysetup-bucket-allocator-block-count=8"
    "memorysetup-main-allocator-block-size=16777216"
    "memorysetup-thread-allocator-block-size=16777216"
    "memorysetup-gfx-main-allocator-block-size=16777216"
    "memorysetup-gfx-thread-allocator-block-size=16777216"
    "memorysetup-cache-allocator-block-size=4194304"
    "memorysetup-typetree-allocator-block-size=2097152"
    "memorysetup-profiler-bucket-allocator-granularity=16"
    "memorysetup-profiler-bucket-allocator-bucket-count=8"
    "memorysetup-profiler-bucket-allocator-block-size=33554432"
    "memorysetup-profiler-bucket-allocator-block-count=8"
    "memorysetup-profiler-allocator-block-size=16777216"
    "memorysetup-profiler-editor-allocator-block-size=1048576"
    "memorysetup-temp-allocator-size-main=16777216"
    "memorysetup-job-temp-allocator-block-size=2097152"
    "memorysetup-job-temp-allocator-block-size-background=1048576"
    "memorysetup-job-temp-allocator-reduction-small-platforms=262144"
    "memorysetup-temp-allocator-size-background-worker=32768"
    "memorysetup-temp-allocator-size-job-worker=262144"
    "memorysetup-temp-allocator-size-preload-manager=33554432"
    "memorysetup-temp-allocator-size-nav-mesh-worker=65536"
    "memorysetup-temp-allocator-size-audio-worker=65536"
    "memorysetup-temp-allocator-size-cloud-worker=32768"
    "memorysetup-temp-allocator-size-gi-baking-worker=262144"
    "memorysetup-temp-allocator-size-gfx=262144"
Player connection [9532] Host "[IP] 192.168.20.37 [Port] 0 [Flags] 2 [Guid] 3014658875 [EditorId] 3014658875 [Version] 1048832 [Id] WindowsEditor(7,LAPTOP-A33KT2TR) [Debug] 1 [PackageName] WindowsEditor [ProjectName] Editor" joined multi-casting on [225.0.0.222:54997]...

Player connection [9532] Host "[IP] 192.168.20.37 [Port] 0 [Flags] 2 [Guid] 3014658875 [EditorId] 3014658875 [Version] 1048832 [Id] WindowsEditor(7,LAPTOP-A33KT2TR) [Debug] 1 [PackageName] WindowsEditor [ProjectName] Editor" joined alternative multi-casting on [225.0.0.222:34997]...

Refreshing native plugins compatible for Editor in 69.58 ms, found 3 plugins.
Preloading 0 native plugins for Editor in 0.00 ms.
Initialize engine version: 2021.3.25f1 (68ef2c4f8861)
[Subsystems] Discovering subsystems at path C:/Program Files/Unity/Hub/Editor/2021.3.25f1/Editor/Data/Resources/UnitySubsystems
[Subsystems] Discovering subsystems at path D:/All Files/Metaverse/Unity/Project/My project (2)/Assets
GfxDevice: creating device client; threaded=0; jobified=0
Direct3D:
    Version:  Direct3D 11.0 [level 11.1]
    Renderer: NVIDIA GeForce GTX 1650 (ID=0x1f99)
    Vendor:   NVIDIA
    VRAM:     3962 MB
    Driver:   31.0.15.1700
Initialize mono
Mono path[0] = 'C:/Program Files/Unity/Hub/Editor/2021.3.25f1/Editor/Data/Managed'
Mono path[1] = 'C:/Program Files/Unity/Hub/Editor/2021.3.25f1/Editor/Data/MonoBleedingEdge/lib/mono/unityjit-win32'
Mono config path = 'C:/Program Files/Unity/Hub/Editor/2021.3.25f1/Editor/Data/MonoBleedingEdge/etc'
Using monoOptions --debugger-agent=transport=dt_socket,embedding=1,server=y,suspend=n,address=127.0.0.1:56984
Begin MonoManager ReloadAssembly
Registering precompiled unity dll's ...
Register platform support module: C:/Program Files/Unity/Hub/Editor/2021.3.25f1/Editor/Data/PlaybackEngines/AndroidPlayer/UnityEditor.Android.Extensions.dll
Register platform support module: C:/Program Files/Unity/Hub/Editor/2021.3.25f1/Editor/Data/PlaybackEngines/WindowsStandaloneSupport/UnityEditor.WindowsStandalone.Extensions.dll
Registered in 0.008825 seconds.
Native extension for WindowsStandalone target not found
Native extension for Android target not found
Android Extension - Scanning For ADB Devices 680 ms
Refreshing native plugins compatible for Editor in 71.05 ms, found 3 plugins.
Preloading 0 native plugins for Editor in 0.00 ms.
Mono: successfully reloaded assembly
- Completed reload, in  1.341 seconds
Domain Reload Profiling:
	ReloadAssembly (1341ms)
		BeginReloadAssembly (91ms)
			ExecutionOrderSort (0ms)
			DisableScriptedObjects (0ms)
			BackupInstance (0ms)
			ReleaseScriptingObjects (0ms)
			CreateAndSetChildDomain (1ms)
		EndReloadAssembly (1144ms)
			LoadAssemblies (88ms)
			RebuildTransferFunctionScriptingTraits (0ms)
			SetupTypeCache (107ms)
			ReleaseScriptCaches (0ms)
			RebuildScriptCaches (27ms)
			SetupLoadedEditorAssemblies (960ms)
				LogAssemblyErrors (0ms)
				InitializePlatformSupportModulesInManaged (762ms)
				SetLoadedEditorAssemblies (0ms)
				RefreshPlugins (71ms)
				BeforeProcessingInitializeOnLoad (1ms)
				ProcessInitializeOnLoadAttributes (84ms)
				ProcessInitializeOnLoadMethodAttributes (41ms)
				AfterProcessingInitializeOnLoad (0ms)
				EditorAssembliesLoaded (0ms)
			ExecutionOrderSort2 (0ms)
			AwakeInstancesAfterBackupRestoration (0ms)
Platform modules already initialized, skipping
Registering precompiled user dll's ...
Registered in 0.002792 seconds.
Begin MonoManager ReloadAssembly
Symbol file LoadedFromMemory doesn't match image D:\All Files\Metaverse\Unity\Project\My project (2)\Library\PackageCache\com.unity.visualscripting@1.8.0\Editor\VisualScripting.Core\Dependencies\YamlDotNet\Unity.VisualScripting.YamlDotNet.dll
Symbol file LoadedFromMemory doesn't match image D:\All Files\Metaverse\Unity\Project\My project (2)\Library\PackageCache\com.unity.visualscripting@1.8.0\Editor\VisualScripting.Core\Dependencies\DotNetZip\Unity.VisualScripting.IonicZip.dll
Native extension for WindowsStandalone target not found
Native extension for Android target not found
Refreshing native plugins compatible for Editor in 0.79 ms, found 3 plugins.
Preloading 0 native plugins for Editor in 0.00 ms.
Mono: successfully reloaded assembly
- Completed reload, in  1.228 seconds
Domain Reload Profiling:
	ReloadAssembly (1228ms)
		BeginReloadAssembly (121ms)
			ExecutionOrderSort (0ms)
			DisableScriptedObjects (7ms)
			BackupInstance (0ms)
			ReleaseScriptingObjects (0ms)
			CreateAndSetChildDomain (17ms)
		EndReloadAssembly (995ms)
			LoadAssemblies (86ms)
			RebuildTransferFunctionScriptingTraits (0ms)
			SetupTypeCache (257ms)
			ReleaseScriptCaches (0ms)
			RebuildScriptCaches (50ms)
			SetupLoadedEditorAssemblies (568ms)
				LogAssemblyErrors (0ms)
				InitializePlatformSupportModulesInManaged (22ms)
				SetLoadedEditorAssemblies (1ms)
				RefreshPlugins (1ms)
				BeforeProcessingInitializeOnLoad (89ms)
				ProcessInitializeOnLoadAttributes (428ms)
				ProcessInitializeOnLoadMethodAttributes (19ms)
				AfterProcessingInitializeOnLoad (9ms)
				EditorAssembliesLoaded (0ms)
			ExecutionOrderSort2 (0ms)
			AwakeInstancesAfterBackupRestoration (5ms)
Platform modules already initialized, skipping
========================================================================
Worker process is ready to serve import requests
Launched and connected shader compiler UnityShaderCompiler.exe after 0.10 seconds
Refreshing native plugins compatible for Editor in 0.55 ms, found 3 plugins.
Preloading 0 native plugins for Editor in 0.00 ms.
Unloading 3111 Unused Serialized files (Serialized files now loaded: 0)
Unloading 25 unused Assets / (355.2 KB). Loaded Objects now: 3575.
Memory consumption went from 116.7 MB to 116.4 MB.
Total: 3.494200 ms (FindLiveObjects: 0.270700 ms CreateObjectMapping: 0.237600 ms MarkObjects: 2.872800 ms  DeleteObjects: 0.112300 ms)

AssetImportParameters requested are different than current active one (requested -> active):
  custom:video-decoder-ogg-theora: a1e56fd34408186e4bbccfd4996cb3dc -> 
  custom:container-muxer-webm: aa71ff27fc2769a1b78a27578f13a17b -> 
  custom:container-demuxer-webm: 4f35f7cbe854078d1ac9338744f61a02 -> 
  custom:video-encoder-webm-vp8: eb34c28f22e8b96e1ab97ce403110664 -> 
  custom:video-codec-MediaFoundation-h265: 746d11721c4dcdbdad8f713fa42b33f4 -> 
  custom:audio-encoder-webm-vorbis: bf7c407c2cedff20999df2af8eb42d56 -> 
  custom:framework-win-MediaFoundation: 216162199b28c13a410421893ffa2e32 -> 
  custom:container-demuxer-ogg: 62fdf1f143b41e24485cea50d1cbac27 -> 
  custom:video-decoder-webm-vp8: 9c59270c3fd7afecdb556c50c9e8de78 -> 
  custom:audio-decoder-ogg-vorbis: bf7c407c2cedff20999df2af8eb42d56 -> 
========================================================================
Received Import Request.
  Time since last request: 231685.384197 seconds.
  path: Assets/Scenes/SampleScene.unity
  artifactKey: Guid(9fc0d4010bbf28b4594072e72b8655ab) Importer(815301076,1909f56bfc062723c751e8b465ee728b)
Start importing Assets/Scenes/SampleScene.unity using Guid(9fc0d4010bbf28b4594072e72b8655ab) Importer(815301076,1909f56bfc062723c751e8b465ee728b)  -> (artifact id: '7e077595fc120620fa4a1be4490ad655') in 0.005730 seconds 
========================================================================
Received Import Request.
  Time since last request: 133.930554 seconds.
  path: Assets/Fbx/Textures/Remy_Body_Diffuse.png
  artifactKey: Guid(07891b54e41f94c3186a702a4ead672c) Importer(815301076,1909f56bfc062723c751e8b465ee728b)
Start importing Assets/Fbx/Textures/Remy_Body_Diffuse.png using Guid(07891b54e41f94c3186a702a4ead672c) Importer(815301076,1909f56bfc062723c751e8b465ee728b)  -> (artifact id: '743c2dcae11cff9aee271cab774665fe') in 0.625434 seconds 
========================================================================
Received Import Request.
  Time since last request: 0.000026 seconds.
  path: Assets/Fbx/Textures/Remy_Body_Opacity.png
  artifactKey: Guid(f16eb90dbeada45a38a83ca5f3d195d4) Importer(815301076,1909f56bfc062723c751e8b465ee728b)
Start importing Assets/Fbx/Textures/Remy_Body_Opacity.png using Guid(f16eb90dbeada45a38a83ca5f3d195d4) Importer(815301076,1909f56bfc062723c751e8b465ee728b)  -> (artifact id: 'f8a00737d8d90393d324607ec4056249') in 0.357157 seconds 
========================================================================
Received Import Request.
  Time since last request: 0.000021 seconds.
  path: Assets/Fbx/Textures/Remy_Body_Specular.png
  artifactKey: Guid(0f0a7c04f48b44729ab760ea9de84170) Importer(815301076,1909f56bfc062723c751e8b465ee728b)
Start importing Assets/Fbx/Textures/Remy_Body_Specular.png using Guid(0f0a7c04f48b44729ab760ea9de84170) Importer(815301076,1909f56bfc062723c751e8b465ee728b)  -> (artifact id: '782de98b46588c2fa086cfaa4d6b62f7') in 0.321508 seconds 
========================================================================
Received Import Request.
  Time since last request: 0.915488 seconds.
  path: Assets/Fbx/Textures/Remy_Bottom_Specular.png
  artifactKey: Guid(5e29de66b28d243e9a14945b6ff5294a) Importer(815301076,1909f56bfc062723c751e8b465ee728b)
Start importing Assets/Fbx/Textures/Remy_Bottom_Specular.png using Guid(5e29de66b28d243e9a14945b6ff5294a) Importer(815301076,1909f56bfc062723c751e8b465ee728b)  -> (artifact id: '0df5fcaf592d592f30b5d622be02cd0d') in 0.115133 seconds 
========================================================================
Received Import Request.
  Time since last request: 0.017241 seconds.
  path: Assets/Fbx/Textures/Remy_Hair_Gloss.png
  artifactKey: Guid(12c25e070632a497cb0d97c9a53d5f27) Importer(815301076,1909f56bfc062723c751e8b465ee728b)
Start importing Assets/Fbx/Textures/Remy_Hair_Gloss.png using Guid(12c25e070632a497cb0d97c9a53d5f27) Importer(815301076,1909f56bfc062723c751e8b465ee728b)  -> (artifact id: 'e67397d8a734a8fb9e8d0d7be1a7f1dc') in 0.175532 seconds 
========================================================================
Received Import Request.
  Time since last request: 0.000018 seconds.
  path: Assets/Fbx/Textures/Remy_Top_Diffuse.png
  artifactKey: Guid(db19f277d1b3d477b8f928a945229258) Importer(815301076,1909f56bfc062723c751e8b465ee728b)
Start importing Assets/Fbx/Textures/Remy_Top_Diffuse.png using Guid(db19f277d1b3d477b8f928a945229258) Importer(815301076,1909f56bfc062723c751e8b465ee728b)  -> (artifact id: '24d562d83f3ad464403b6fab1a17e885') in 0.098087 seconds 
========================================================================
Received Import Request.
  Time since last request: 0.000023 seconds.
  path: Assets/Fbx/Textures/Remy_Shoes_Gloss.png
  artifactKey: Guid(96340f75d76c74c06af05d5ec4966c9e) Importer(815301076,1909f56bfc062723c751e8b465ee728b)
Start importing Assets/Fbx/Textures/Remy_Shoes_Gloss.png using Guid(96340f75d76c74c06af05d5ec4966c9e) Importer(815301076,1909f56bfc062723c751e8b465ee728b)  -> (artifact id: '3e5a9b3da97512b48f66d76fe734eaf3') in 0.093190 seconds 
========================================================================
Received Import Request.
  Time since last request: 0.000018 seconds.
  path: Assets/Fbx/Textures/Remy_Top_Gloss.png
  artifactKey: Guid(05cade7d82e1f400796fb18bc141341d) Importer(815301076,1909f56bfc062723c751e8b465ee728b)
Start importing Assets/Fbx/Textures/Remy_Top_Gloss.png using Guid(05cade7d82e1f400796fb18bc141341d) Importer(815301076,1909f56bfc062723c751e8b465ee728b)  -> (artifact id: '3c7fb7a8b79237cca18aba380c17167a') in 0.092941 seconds 
========================================================================
Received Import Request.
  Time since last request: 0.228550 seconds.
  path: Assets/Fbx/Textures/Remy_Top_Specular.png
  artifactKey: Guid(5592620d8675d4e72acdab0a003af493) Importer(815301076,1909f56bfc062723c751e8b465ee728b)
Start importing Assets/Fbx/Textures/Remy_Top_Specular.png using Guid(5592620d8675d4e72acdab0a003af493) Importer(815301076,1909f56bfc062723c751e8b465ee728b)  -> (artifact id: 'd36b618c1a3e3e73d48ede27ed22ce87') in 0.126536 seconds 
========================================================================
Received Import Request.
  Time since last request: 66.572757 seconds.
  path: Assets/Fbx/Materials
  artifactKey: Guid(6804a88720c16435dab4106012159409) Importer(815301076,1909f56bfc062723c751e8b465ee728b)
Start importing Assets/Fbx/Materials using Guid(6804a88720c16435dab4106012159409) Importer(815301076,1909f56bfc062723c751e8b465ee728b)  -> (artifact id: 'ab097f0525b21de752d8f8caa7b2b9ac') in 0.001118 seconds 
========================================================================
Received Import Request.
  Time since last request: 0.000043 seconds.
  path: Assets/Fbx/Materials/Hairmat.mat
  artifactKey: Guid(3284371208f3f4d6c85e7d81c3a54fcf) Importer(815301076,1909f56bfc062723c751e8b465ee728b)
Start importing Assets/Fbx/Materials/Hairmat.mat using Guid(3284371208f3f4d6c85e7d81c3a54fcf) Importer(815301076,1909f56bfc062723c751e8b465ee728b)  -> (artifact id: 'df18f2ded511a1a108886c7ed8e89b8f') in 0.189361 seconds 
========================================================================
Received Import Request.
  Time since last request: 0.000056 seconds.
  path: Assets/Fbx/Materials/Bottommat.mat
  artifactKey: Guid(446ed33790a4d4494810fd1c5cde2914) Importer(815301076,1909f56bfc062723c751e8b465ee728b)
Start importing Assets/Fbx/Materials/Bottommat.mat using Guid(446ed33790a4d4494810fd1c5cde2914) Importer(815301076,1909f56bfc062723c751e8b465ee728b)  -> (artifact id: 'c6634be55c6f21bf193d03a8f8f32e9c') in 0.130740 seconds 
========================================================================
Received Import Request.
  Time since last request: 0.000069 seconds.
  path: Assets/Fbx/Materials/Ch43_Body.mat
  artifactKey: Guid(cdc480be7e5384e85a8c3ac83d6fd942) Importer(815301076,1909f56bfc062723c751e8b465ee728b)
Start importing Assets/Fbx/Materials/Ch43_Body.mat using Guid(cdc480be7e5384e85a8c3ac83d6fd942) Importer(815301076,1909f56bfc062723c751e8b465ee728b)  -> (artifact id: '025d0f43d8ba85a7b6924d2d217713ee') in 0.288692 seconds 
========================================================================
Received Import Request.
  Time since last request: 0.000026 seconds.
  path: Assets/Fbx/Materials/Ch46_body.mat
  artifactKey: Guid(511063a19512944239e8909db4bc79e7) Importer(815301076,1909f56bfc062723c751e8b465ee728b)
Start importing Assets/Fbx/Materials/Ch46_body.mat using Guid(511063a19512944239e8909db4bc79e7) Importer(815301076,1909f56bfc062723c751e8b465ee728b)  -> (artifact id: '7177ba2fa82d628e3f195f5fd7f0607d') in 0.166726 seconds 
