Using pre-set license
Built from '2021.3/staging' branch; Version is '2021.3.25f1 (68ef2c4f8861) revision 6876972'; Using compiler version '192829333'; Build Type 'Release'
OS: 'Windows 10  (10.0.19045) 64bit CoreSingleLanguage' Language: 'en' Physical Memory: 8099 MB
BatchMode: 1, IsHumanControllingUs: 0, StartBugReporterOnCrash: 0, Is64bit: 1, IsPro: 1

COMMAND LINE ARGUMENTS:
C:\Program Files\Unity\Hub\Editor\2021.3.25f1\Editor\Unity.exe
-adb2
-batchMode
-noUpm
-name
AssetImportWorker1
-projectPath
D:/All Files/Metaverse/Unity/Project/My project (2)
-logFile
Logs/AssetImportWorker1.log
-srvPort
63838
Successfully changed project path to: D:/All Files/Metaverse/Unity/Project/My project (2)
D:/All Files/Metaverse/Unity/Project/My project (2)
[UnityMemory] Configuration Parameters - Can be set up in boot.config
    "memorysetup-bucket-allocator-granularity=16"
    "memorysetup-bucket-allocator-bucket-count=8"
    "memorysetup-bucket-allocator-block-size=33554432"
    "memorysetup-bucket-allocator-block-count=8"
    "memorysetup-main-allocator-block-size=16777216"
    "memorysetup-thread-allocator-block-size=16777216"
    "memorysetup-gfx-main-allocator-block-size=16777216"
    "memorysetup-gfx-thread-allocator-block-size=16777216"
    "memorysetup-cache-allocator-block-size=4194304"
    "memorysetup-typetree-allocator-block-size=2097152"
    "memorysetup-profiler-bucket-allocator-granularity=16"
    "memorysetup-profiler-bucket-allocator-bucket-count=8"
    "memorysetup-profiler-bucket-allocator-block-size=33554432"
    "memorysetup-profiler-bucket-allocator-block-count=8"
    "memorysetup-profiler-allocator-block-size=16777216"
    "memorysetup-profiler-editor-allocator-block-size=1048576"
    "memorysetup-temp-allocator-size-main=16777216"
    "memorysetup-job-temp-allocator-block-size=2097152"
    "memorysetup-job-temp-allocator-block-size-background=1048576"
    "memorysetup-job-temp-allocator-reduction-small-platforms=262144"
    "memorysetup-temp-allocator-size-background-worker=32768"
    "memorysetup-temp-allocator-size-job-worker=262144"
    "memorysetup-temp-allocator-size-preload-manager=33554432"
    "memorysetup-temp-allocator-size-nav-mesh-worker=65536"
    "memorysetup-temp-allocator-size-audio-worker=65536"
    "memorysetup-temp-allocator-size-cloud-worker=32768"
    "memorysetup-temp-allocator-size-gi-baking-worker=262144"
    "memorysetup-temp-allocator-size-gfx=262144"
Player connection [26164] Host "[IP] 192.168.20.37 [Port] 0 [Flags] 2 [Guid] 366407747 [EditorId] 366407747 [Version] 1048832 [Id] WindowsEditor(7,LAPTOP-A33KT2TR) [Debug] 1 [PackageName] WindowsEditor [ProjectName] Editor" joined multi-casting on [225.0.0.222:54997]...

Player connection [26164] Host "[IP] 192.168.20.37 [Port] 0 [Flags] 2 [Guid] 366407747 [EditorId] 366407747 [Version] 1048832 [Id] WindowsEditor(7,LAPTOP-A33KT2TR) [Debug] 1 [PackageName] WindowsEditor [ProjectName] Editor" joined alternative multi-casting on [225.0.0.222:34997]...

Refreshing native plugins compatible for Editor in 72.05 ms, found 3 plugins.
Preloading 0 native plugins for Editor in 0.00 ms.
Initialize engine version: 2021.3.25f1 (68ef2c4f8861)
[Subsystems] Discovering subsystems at path C:/Program Files/Unity/Hub/Editor/2021.3.25f1/Editor/Data/Resources/UnitySubsystems
[Subsystems] Discovering subsystems at path D:/All Files/Metaverse/Unity/Project/My project (2)/Assets
GfxDevice: creating device client; threaded=0; jobified=0
Direct3D:
    Version:  Direct3D 11.0 [level 11.1]
    Renderer: NVIDIA GeForce GTX 1650 (ID=0x1f99)
    Vendor:   NVIDIA
    VRAM:     3962 MB
    Driver:   31.0.15.1700
Initialize mono
Mono path[0] = 'C:/Program Files/Unity/Hub/Editor/2021.3.25f1/Editor/Data/Managed'
Mono path[1] = 'C:/Program Files/Unity/Hub/Editor/2021.3.25f1/Editor/Data/MonoBleedingEdge/lib/mono/unityjit-win32'
Mono config path = 'C:/Program Files/Unity/Hub/Editor/2021.3.25f1/Editor/Data/MonoBleedingEdge/etc'
Using monoOptions --debugger-agent=transport=dt_socket,embedding=1,server=y,suspend=n,address=127.0.0.1:56444
Begin MonoManager ReloadAssembly
Registering precompiled unity dll's ...
Register platform support module: C:/Program Files/Unity/Hub/Editor/2021.3.25f1/Editor/Data/PlaybackEngines/AndroidPlayer/UnityEditor.Android.Extensions.dll
Register platform support module: C:/Program Files/Unity/Hub/Editor/2021.3.25f1/Editor/Data/PlaybackEngines/WindowsStandaloneSupport/UnityEditor.WindowsStandalone.Extensions.dll
Registered in 0.008242 seconds.
Native extension for WindowsStandalone target not found
Native extension for Android target not found
Android Extension - Scanning For ADB Devices 653 ms
Refreshing native plugins compatible for Editor in 70.44 ms, found 3 plugins.
Preloading 0 native plugins for Editor in 0.00 ms.
Mono: successfully reloaded assembly
- Completed reload, in  1.303 seconds
Domain Reload Profiling:
	ReloadAssembly (1303ms)
		BeginReloadAssembly (78ms)
			ExecutionOrderSort (0ms)
			DisableScriptedObjects (0ms)
			BackupInstance (0ms)
			ReleaseScriptingObjects (0ms)
			CreateAndSetChildDomain (1ms)
		EndReloadAssembly (1121ms)
			LoadAssemblies (76ms)
			RebuildTransferFunctionScriptingTraits (0ms)
			SetupTypeCache (106ms)
			ReleaseScriptCaches (0ms)
			RebuildScriptCaches (27ms)
			SetupLoadedEditorAssemblies (935ms)
				LogAssemblyErrors (0ms)
				InitializePlatformSupportModulesInManaged (739ms)
				SetLoadedEditorAssemblies (0ms)
				RefreshPlugins (71ms)
				BeforeProcessingInitializeOnLoad (1ms)
				ProcessInitializeOnLoadAttributes (82ms)
				ProcessInitializeOnLoadMethodAttributes (41ms)
				AfterProcessingInitializeOnLoad (0ms)
				EditorAssembliesLoaded (0ms)
			ExecutionOrderSort2 (0ms)
			AwakeInstancesAfterBackupRestoration (0ms)
Platform modules already initialized, skipping
Registering precompiled user dll's ...
Registered in 0.002707 seconds.
Begin MonoManager ReloadAssembly
Symbol file LoadedFromMemory doesn't match image D:\All Files\Metaverse\Unity\Project\My project (2)\Library\PackageCache\com.unity.visualscripting@1.8.0\Editor\VisualScripting.Core\Dependencies\YamlDotNet\Unity.VisualScripting.YamlDotNet.dll
Symbol file LoadedFromMemory doesn't match image D:\All Files\Metaverse\Unity\Project\My project (2)\Library\PackageCache\com.unity.visualscripting@1.8.0\Editor\VisualScripting.Core\Dependencies\DotNetZip\Unity.VisualScripting.IonicZip.dll
Native extension for WindowsStandalone target not found
Native extension for Android target not found
Refreshing native plugins compatible for Editor in 0.46 ms, found 3 plugins.
Preloading 0 native plugins for Editor in 0.00 ms.
Mono: successfully reloaded assembly
- Completed reload, in  0.961 seconds
Domain Reload Profiling:
	ReloadAssembly (962ms)
		BeginReloadAssembly (114ms)
			ExecutionOrderSort (0ms)
			DisableScriptedObjects (5ms)
			BackupInstance (0ms)
			ReleaseScriptingObjects (0ms)
			CreateAndSetChildDomain (18ms)
		EndReloadAssembly (744ms)
			LoadAssemblies (83ms)
			RebuildTransferFunctionScriptingTraits (0ms)
			SetupTypeCache (271ms)
			ReleaseScriptCaches (1ms)
			RebuildScriptCaches (47ms)
			SetupLoadedEditorAssemblies (319ms)
				LogAssemblyErrors (0ms)
				InitializePlatformSupportModulesInManaged (19ms)
				SetLoadedEditorAssemblies (0ms)
				RefreshPlugins (1ms)
				BeforeProcessingInitializeOnLoad (75ms)
				ProcessInitializeOnLoadAttributes (197ms)
				ProcessInitializeOnLoadMethodAttributes (18ms)
				AfterProcessingInitializeOnLoad (9ms)
				EditorAssembliesLoaded (0ms)
			ExecutionOrderSort2 (0ms)
			AwakeInstancesAfterBackupRestoration (5ms)
Platform modules already initialized, skipping
========================================================================
Worker process is ready to serve import requests
Launched and connected shader compiler UnityShaderCompiler.exe after 0.06 seconds
Refreshing native plugins compatible for Editor in 0.55 ms, found 3 plugins.
Preloading 0 native plugins for Editor in 0.00 ms.
Unloading 3111 Unused Serialized files (Serialized files now loaded: 0)
Unloading 25 unused Assets / (355.2 KB). Loaded Objects now: 3575.
Memory consumption went from 116.7 MB to 116.4 MB.
Total: 3.664000 ms (FindLiveObjects: 0.714700 ms CreateObjectMapping: 0.464900 ms MarkObjects: 2.386800 ms  DeleteObjects: 0.096700 ms)

AssetImportParameters requested are different than current active one (requested -> active):
  custom:video-decoder-ogg-theora: a1e56fd34408186e4bbccfd4996cb3dc -> 
  custom:container-muxer-webm: aa71ff27fc2769a1b78a27578f13a17b -> 
  custom:container-demuxer-webm: 4f35f7cbe854078d1ac9338744f61a02 -> 
  custom:video-encoder-webm-vp8: eb34c28f22e8b96e1ab97ce403110664 -> 
  custom:video-codec-MediaFoundation-h265: 746d11721c4dcdbdad8f713fa42b33f4 -> 
  custom:audio-encoder-webm-vorbis: bf7c407c2cedff20999df2af8eb42d56 -> 
  custom:framework-win-MediaFoundation: 216162199b28c13a410421893ffa2e32 -> 
  custom:container-demuxer-ogg: 62fdf1f143b41e24485cea50d1cbac27 -> 
  custom:video-decoder-webm-vp8: 9c59270c3fd7afecdb556c50c9e8de78 -> 
  custom:audio-decoder-ogg-vorbis: bf7c407c2cedff20999df2af8eb42d56 -> 
========================================================================
Received Import Request.
  Time since last request: 231685.384646 seconds.
  path: Assets/Scenes/Main.unity
  artifactKey: Guid(caf8e5394e0afcd4bb584b62f3f38cdf) Importer(815301076,1909f56bfc062723c751e8b465ee728b)
Start importing Assets/Scenes/Main.unity using Guid(caf8e5394e0afcd4bb584b62f3f38cdf) Importer(815301076,1909f56bfc062723c751e8b465ee728b)  -> (artifact id: '6298372b51149e77bf9cc866ec4896b1') in 0.005351 seconds 
========================================================================
Received Import Request.
  Time since last request: 133.995372 seconds.
  path: Assets/Fbx/Textures/Remy_Body_Gloss.png
  artifactKey: Guid(c29e47faa6d0e4a9481171bc818a0d21) Importer(815301076,1909f56bfc062723c751e8b465ee728b)
Start importing Assets/Fbx/Textures/Remy_Body_Gloss.png using Guid(c29e47faa6d0e4a9481171bc818a0d21) Importer(815301076,1909f56bfc062723c751e8b465ee728b)  -> (artifact id: '80db72cce38f6d6a8c397a9389ccb6f2') in 0.661214 seconds 
========================================================================
Received Import Request.
  Time since last request: 0.000022 seconds.
  path: Assets/Fbx/Textures/Remy_Bottom_Gloss.png
  artifactKey: Guid(fcf1b9fe127b64519a5255a56627891c) Importer(815301076,1909f56bfc062723c751e8b465ee728b)
Start importing Assets/Fbx/Textures/Remy_Bottom_Gloss.png using Guid(fcf1b9fe127b64519a5255a56627891c) Importer(815301076,1909f56bfc062723c751e8b465ee728b)  -> (artifact id: '6b5b6de39fca2482f2511a30cf5e1588') in 0.149442 seconds 
========================================================================
Received Import Request.
  Time since last request: 0.000022 seconds.
  path: Assets/Fbx/Textures/Remy_Bottom_Diffuse.png
  artifactKey: Guid(57df8d1fb025d4221b7308fdd05aa663) Importer(815301076,1909f56bfc062723c751e8b465ee728b)
Start importing Assets/Fbx/Textures/Remy_Bottom_Diffuse.png using Guid(57df8d1fb025d4221b7308fdd05aa663) Importer(815301076,1909f56bfc062723c751e8b465ee728b)  -> (artifact id: 'b44920c8755d9914c710d0af87be4920') in 0.089879 seconds 
========================================================================
Received Import Request.
  Time since last request: 1.221955 seconds.
  path: Assets/Fbx/Textures/Remy_Hair_Diffuse.png
  artifactKey: Guid(514f299ed8b714fed8a73b1d69056e38) Importer(815301076,1909f56bfc062723c751e8b465ee728b)
Start importing Assets/Fbx/Textures/Remy_Hair_Diffuse.png using Guid(514f299ed8b714fed8a73b1d69056e38) Importer(815301076,1909f56bfc062723c751e8b465ee728b)  -> (artifact id: 'b9e4a6052d3efc3574307bd56248a8df') in 0.122374 seconds 
========================================================================
Received Import Request.
  Time since last request: 0.000024 seconds.
  path: Assets/Fbx/Textures/Remy_Shoes_Diffuse.png
  artifactKey: Guid(e34e01361894d434d865cc8a405bdca9) Importer(815301076,1909f56bfc062723c751e8b465ee728b)
Start importing Assets/Fbx/Textures/Remy_Shoes_Diffuse.png using Guid(e34e01361894d434d865cc8a405bdca9) Importer(815301076,1909f56bfc062723c751e8b465ee728b)  -> (artifact id: 'e8823e4c591b93c421d212671a236784') in 0.134157 seconds 
========================================================================
Received Import Request.
  Time since last request: 0.000028 seconds.
  path: Assets/Fbx/Textures/Remy_Hair_Specular.png
  artifactKey: Guid(d1c91fff78f3d4b6dbd8529f608cf877) Importer(815301076,1909f56bfc062723c751e8b465ee728b)
Start importing Assets/Fbx/Textures/Remy_Hair_Specular.png using Guid(d1c91fff78f3d4b6dbd8529f608cf877) Importer(815301076,1909f56bfc062723c751e8b465ee728b)  -> (artifact id: 'e4d6346ec9f7d1a5ec752ac86313baf1') in 0.093914 seconds 
========================================================================
Received Import Request.
  Time since last request: 0.000019 seconds.
  path: Assets/Fbx/Textures/Remy_Shoes_Specular.png
  artifactKey: Guid(3d0475f572add4cb189bbc04bb47f398) Importer(815301076,1909f56bfc062723c751e8b465ee728b)
Start importing Assets/Fbx/Textures/Remy_Shoes_Specular.png using Guid(3d0475f572add4cb189bbc04bb47f398) Importer(815301076,1909f56bfc062723c751e8b465ee728b)  -> (artifact id: '59b83da2cd7fd40add1309e719f46f70') in 0.092726 seconds 
========================================================================
Received Import Request.
  Time since last request: 0.000018 seconds.
  path: Assets/Fbx/Textures/Remy_Hair_Opacity.png
  artifactKey: Guid(fedc7437b3a3b4214896f7afb216ea0b) Importer(815301076,1909f56bfc062723c751e8b465ee728b)
Start importing Assets/Fbx/Textures/Remy_Hair_Opacity.png using Guid(fedc7437b3a3b4214896f7afb216ea0b) Importer(815301076,1909f56bfc062723c751e8b465ee728b)  -> (artifact id: '9c033878ea82c0ef1628bcc785c897f0') in 0.094997 seconds 
========================================================================
Received Import Request.
  Time since last request: 67.001840 seconds.
  path: Assets/Fbx/Materials/Bodymat.mat
  artifactKey: Guid(8ab8d05817c3f4054a12ad9004e1812e) Importer(815301076,1909f56bfc062723c751e8b465ee728b)
Start importing Assets/Fbx/Materials/Bodymat.mat using Guid(8ab8d05817c3f4054a12ad9004e1812e) Importer(815301076,1909f56bfc062723c751e8b465ee728b)  -> (artifact id: 'af8f786e69c7c335fa72d82ddd4d79d0') in 0.205323 seconds 
========================================================================
Received Import Request.
  Time since last request: 0.000020 seconds.
  path: Assets/Fbx/Materials/Eyes_MAT.mat
  artifactKey: Guid(28578cca6afed4e17949a7400028d3ca) Importer(815301076,1909f56bfc062723c751e8b465ee728b)
Start importing Assets/Fbx/Materials/Eyes_MAT.mat using Guid(28578cca6afed4e17949a7400028d3ca) Importer(815301076,1909f56bfc062723c751e8b465ee728b)  -> (artifact id: '0ac12762cefe73213a2ac5b1b1b1637a') in 0.065607 seconds 
========================================================================
Received Import Request.
  Time since last request: 0.000022 seconds.
  path: Assets/Fbx/Materials/Shoesmat.mat
  artifactKey: Guid(3be6b224dcbf246da98391eeca648d45) Importer(815301076,1909f56bfc062723c751e8b465ee728b)
Start importing Assets/Fbx/Materials/Shoesmat.mat using Guid(3be6b224dcbf246da98391eeca648d45) Importer(815301076,1909f56bfc062723c751e8b465ee728b)  -> (artifact id: '2570d6d4498333ffbe260b5bf1f3a315') in 0.044347 seconds 
========================================================================
Received Import Request.
  Time since last request: 0.000013 seconds.
  path: Assets/Fbx/Materials/Cigar_Mat.mat
  artifactKey: Guid(f8fee4b77de9148008c664b9abf30ece) Importer(815301076,1909f56bfc062723c751e8b465ee728b)
Start importing Assets/Fbx/Materials/Cigar_Mat.mat using Guid(f8fee4b77de9148008c664b9abf30ece) Importer(815301076,1909f56bfc062723c751e8b465ee728b)  -> (artifact id: '8774a4e9f7f09de99ceaff1cf4d5c25a') in 0.029983 seconds 
========================================================================
Received Import Request.
  Time since last request: 0.000048 seconds.
  path: Assets/Fbx/Materials/Eyelashmat.mat
  artifactKey: Guid(36911766c112747869c34fa1b2ec8dd5) Importer(815301076,1909f56bfc062723c751e8b465ee728b)
Start importing Assets/Fbx/Materials/Eyelashmat.mat using Guid(36911766c112747869c34fa1b2ec8dd5) Importer(815301076,1909f56bfc062723c751e8b465ee728b)  -> (artifact id: 'be0ddc9761f48bb05d0fa0a022cc17ce') in 0.016909 seconds 
========================================================================
Received Import Request.
  Time since last request: 0.000022 seconds.
  path: Assets/Fbx/Materials/Topmat.mat
  artifactKey: Guid(a23247a76d5694912ac520f5db562ceb) Importer(815301076,1909f56bfc062723c751e8b465ee728b)
Start importing Assets/Fbx/Materials/Topmat.mat using Guid(a23247a76d5694912ac520f5db562ceb) Importer(815301076,1909f56bfc062723c751e8b465ee728b)  -> (artifact id: '52af3fd72b3eb5f1c059d83f131a2e68') in 0.116494 seconds 
========================================================================
Received Import Request.
  Time since last request: 0.000034 seconds.
  path: Assets/Fbx/Materials/Skin_MAT.mat
  artifactKey: Guid(dbdf8f8237da84c08a41eb122cb24ac9) Importer(815301076,1909f56bfc062723c751e8b465ee728b)
Start importing Assets/Fbx/Materials/Skin_MAT.mat using Guid(dbdf8f8237da84c08a41eb122cb24ac9) Importer(815301076,1909f56bfc062723c751e8b465ee728b)  -> (artifact id: 'fa4e4fd2f9e13bbb79aae3808de0704c') in 0.008877 seconds 
========================================================================
Received Import Request.
  Time since last request: 0.000013 seconds.
  path: Assets/Fbx/Materials/Clothes_MAT.mat
  artifactKey: Guid(fdd11357fe09b446e8c448c8f96a3505) Importer(815301076,1909f56bfc062723c751e8b465ee728b)
Start importing Assets/Fbx/Materials/Clothes_MAT.mat using Guid(fdd11357fe09b446e8c448c8f96a3505) Importer(815301076,1909f56bfc062723c751e8b465ee728b)  -> (artifact id: '441b3586e6972072878e4a22a0b31d96') in 0.007943 seconds 
