Using pre-set license
Built from '2021.3/staging' branch; Version is '2021.3.25f1 (68ef2c4f8861) revision 6876972'; Using compiler version '192829333'; Build Type 'Release'
OS: 'Windows 10  (10.0.19045) 64bit CoreSingleLanguage' Language: 'en' Physical Memory: 8099 MB
BatchMode: 1, IsHumanControllingUs: 0, StartBugReporterOnCrash: 0, Is64bit: 1, IsPro: 1

COMMAND LINE ARGUMENTS:
C:\Program Files\Unity\Hub\Editor\2021.3.25f1\Editor\Unity.exe
-adb2
-batchMode
-noUpm
-name
AssetImportWorker0
-projectPath
D:/All Files/Metaverse/Unity/Project/My project (2)
-logFile
Logs/AssetImportWorker0.log
-srvPort
51348
Successfully changed project path to: D:/All Files/Metaverse/Unity/Project/My project (2)
D:/All Files/Metaverse/Unity/Project/My project (2)
[UnityMemory] Configuration Parameters - Can be set up in boot.config
    "memorysetup-bucket-allocator-granularity=16"
    "memorysetup-bucket-allocator-bucket-count=8"
    "memorysetup-bucket-allocator-block-size=33554432"
    "memorysetup-bucket-allocator-block-count=8"
    "memorysetup-main-allocator-block-size=16777216"
    "memorysetup-thread-allocator-block-size=16777216"
    "memorysetup-gfx-main-allocator-block-size=16777216"
    "memorysetup-gfx-thread-allocator-block-size=16777216"
    "memorysetup-cache-allocator-block-size=4194304"
    "memorysetup-typetree-allocator-block-size=2097152"
    "memorysetup-profiler-bucket-allocator-granularity=16"
    "memorysetup-profiler-bucket-allocator-bucket-count=8"
    "memorysetup-profiler-bucket-allocator-block-size=33554432"
    "memorysetup-profiler-bucket-allocator-block-count=8"
    "memorysetup-profiler-allocator-block-size=16777216"
    "memorysetup-profiler-editor-allocator-block-size=1048576"
    "memorysetup-temp-allocator-size-main=16777216"
    "memorysetup-job-temp-allocator-block-size=2097152"
    "memorysetup-job-temp-allocator-block-size-background=1048576"
    "memorysetup-job-temp-allocator-reduction-small-platforms=262144"
    "memorysetup-temp-allocator-size-background-worker=32768"
    "memorysetup-temp-allocator-size-job-worker=262144"
    "memorysetup-temp-allocator-size-preload-manager=33554432"
    "memorysetup-temp-allocator-size-nav-mesh-worker=65536"
    "memorysetup-temp-allocator-size-audio-worker=65536"
    "memorysetup-temp-allocator-size-cloud-worker=32768"
    "memorysetup-temp-allocator-size-gi-baking-worker=262144"
    "memorysetup-temp-allocator-size-gfx=262144"
Player connection [2604] Host "[IP] 192.168.20.37 [Port] 0 [Flags] 2 [Guid] 393372394 [EditorId] 393372394 [Version] 1048832 [Id] WindowsEditor(7,LAPTOP-A33KT2TR) [Debug] 1 [PackageName] WindowsEditor [ProjectName] Editor" joined multi-casting on [225.0.0.222:54997]...

Player connection [2604] Host "[IP] 192.168.20.37 [Port] 0 [Flags] 2 [Guid] 393372394 [EditorId] 393372394 [Version] 1048832 [Id] WindowsEditor(7,LAPTOP-A33KT2TR) [Debug] 1 [PackageName] WindowsEditor [ProjectName] Editor" joined alternative multi-casting on [225.0.0.222:34997]...

Refreshing native plugins compatible for Editor in 805.67 ms, found 3 plugins.
Preloading 0 native plugins for Editor in 0.00 ms.
Initialize engine version: 2021.3.25f1 (68ef2c4f8861)
[Subsystems] Discovering subsystems at path C:/Program Files/Unity/Hub/Editor/2021.3.25f1/Editor/Data/Resources/UnitySubsystems
[Subsystems] Discovering subsystems at path D:/All Files/Metaverse/Unity/Project/My project (2)/Assets
GfxDevice: creating device client; threaded=0; jobified=0
Direct3D:
    Version:  Direct3D 11.0 [level 11.1]
    Renderer: NVIDIA GeForce GTX 1650 (ID=0x1f99)
    Vendor:   NVIDIA
    VRAM:     3962 MB
    Driver:   31.0.15.1700
Initialize mono
Mono path[0] = 'C:/Program Files/Unity/Hub/Editor/2021.3.25f1/Editor/Data/Managed'
Mono path[1] = 'C:/Program Files/Unity/Hub/Editor/2021.3.25f1/Editor/Data/MonoBleedingEdge/lib/mono/unityjit-win32'
Mono config path = 'C:/Program Files/Unity/Hub/Editor/2021.3.25f1/Editor/Data/MonoBleedingEdge/etc'
Using monoOptions --debugger-agent=transport=dt_socket,embedding=1,server=y,suspend=n,address=127.0.0.1:56444
Begin MonoManager ReloadAssembly
Registering precompiled unity dll's ...
Register platform support module: C:/Program Files/Unity/Hub/Editor/2021.3.25f1/Editor/Data/PlaybackEngines/AndroidPlayer/UnityEditor.Android.Extensions.dll
Register platform support module: C:/Program Files/Unity/Hub/Editor/2021.3.25f1/Editor/Data/PlaybackEngines/WindowsStandaloneSupport/UnityEditor.WindowsStandalone.Extensions.dll
Registered in 0.012265 seconds.
Native extension for WindowsStandalone target not found
Native extension for Android target not found
Android Extension - Scanning For ADB Devices 1135 ms
Refreshing native plugins compatible for Editor in 95.53 ms, found 3 plugins.
Preloading 0 native plugins for Editor in 0.00 ms.
Mono: successfully reloaded assembly
- Completed reload, in  2.178 seconds
Domain Reload Profiling:
	ReloadAssembly (2179ms)
		BeginReloadAssembly (125ms)
			ExecutionOrderSort (0ms)
			DisableScriptedObjects (0ms)
			BackupInstance (0ms)
			ReleaseScriptingObjects (0ms)
			CreateAndSetChildDomain (1ms)
		EndReloadAssembly (1927ms)
			LoadAssemblies (122ms)
			RebuildTransferFunctionScriptingTraits (0ms)
			SetupTypeCache (176ms)
			ReleaseScriptCaches (0ms)
			RebuildScriptCaches (35ms)
			SetupLoadedEditorAssemblies (1645ms)
				LogAssemblyErrors (0ms)
				InitializePlatformSupportModulesInManaged (1236ms)
				SetLoadedEditorAssemblies (0ms)
				RefreshPlugins (96ms)
				BeforeProcessingInitializeOnLoad (1ms)
				ProcessInitializeOnLoadAttributes (161ms)
				ProcessInitializeOnLoadMethodAttributes (150ms)
				AfterProcessingInitializeOnLoad (0ms)
				EditorAssembliesLoaded (0ms)
			ExecutionOrderSort2 (0ms)
			AwakeInstancesAfterBackupRestoration (0ms)
Platform modules already initialized, skipping
Registering precompiled user dll's ...
Registered in 0.011375 seconds.
Begin MonoManager ReloadAssembly
Symbol file LoadedFromMemory doesn't match image D:\All Files\Metaverse\Unity\Project\My project (2)\Library\PackageCache\com.unity.visualscripting@1.8.0\Editor\VisualScripting.Core\Dependencies\YamlDotNet\Unity.VisualScripting.YamlDotNet.dll
Symbol file LoadedFromMemory doesn't match image D:\All Files\Metaverse\Unity\Project\My project (2)\Library\PackageCache\com.unity.visualscripting@1.8.0\Editor\VisualScripting.Core\Dependencies\DotNetZip\Unity.VisualScripting.IonicZip.dll
Native extension for WindowsStandalone target not found
Native extension for Android target not found
Refreshing native plugins compatible for Editor in 0.58 ms, found 3 plugins.
Preloading 0 native plugins for Editor in 0.00 ms.
Mono: successfully reloaded assembly
- Completed reload, in  2.201 seconds
Domain Reload Profiling:
	ReloadAssembly (2202ms)
		BeginReloadAssembly (153ms)
			ExecutionOrderSort (0ms)
			DisableScriptedObjects (7ms)
			BackupInstance (0ms)
			ReleaseScriptingObjects (0ms)
			CreateAndSetChildDomain (22ms)
		EndReloadAssembly (1901ms)
			LoadAssemblies (983ms)
			RebuildTransferFunctionScriptingTraits (0ms)
			SetupTypeCache (371ms)
			ReleaseScriptCaches (1ms)
			RebuildScriptCaches (72ms)
			SetupLoadedEditorAssemblies (438ms)
				LogAssemblyErrors (0ms)
				InitializePlatformSupportModulesInManaged (30ms)
				SetLoadedEditorAssemblies (0ms)
				RefreshPlugins (1ms)
				BeforeProcessingInitializeOnLoad (106ms)
				ProcessInitializeOnLoadAttributes (263ms)
				ProcessInitializeOnLoadMethodAttributes (22ms)
				AfterProcessingInitializeOnLoad (14ms)
				EditorAssembliesLoaded (0ms)
			ExecutionOrderSort2 (0ms)
			AwakeInstancesAfterBackupRestoration (9ms)
Platform modules already initialized, skipping
========================================================================
Worker process is ready to serve import requests
Launched and connected shader compiler UnityShaderCompiler.exe after 0.07 seconds
Refreshing native plugins compatible for Editor in 1.10 ms, found 3 plugins.
Preloading 0 native plugins for Editor in 0.00 ms.
Unloading 3111 Unused Serialized files (Serialized files now loaded: 0)
Unloading 25 unused Assets / (355.2 KB). Loaded Objects now: 3575.
Memory consumption went from 116.7 MB to 116.4 MB.
Total: 4.410800 ms (FindLiveObjects: 0.351400 ms CreateObjectMapping: 0.254900 ms MarkObjects: 3.658200 ms  DeleteObjects: 0.145300 ms)

AssetImportParameters requested are different than current active one (requested -> active):
  custom:video-decoder-ogg-theora: a1e56fd34408186e4bbccfd4996cb3dc -> 
  custom:container-muxer-webm: aa71ff27fc2769a1b78a27578f13a17b -> 
  custom:container-demuxer-webm: 4f35f7cbe854078d1ac9338744f61a02 -> 
  custom:video-encoder-webm-vp8: eb34c28f22e8b96e1ab97ce403110664 -> 
  custom:video-codec-MediaFoundation-h265: 746d11721c4dcdbdad8f713fa42b33f4 -> 
  custom:audio-encoder-webm-vorbis: bf7c407c2cedff20999df2af8eb42d56 -> 
  custom:framework-win-MediaFoundation: 216162199b28c13a410421893ffa2e32 -> 
  custom:container-demuxer-ogg: 62fdf1f143b41e24485cea50d1cbac27 -> 
  custom:video-decoder-webm-vp8: 9c59270c3fd7afecdb556c50c9e8de78 -> 
  custom:audio-decoder-ogg-vorbis: bf7c407c2cedff20999df2af8eb42d56 -> 
========================================================================
Received Import Request.
  Time since last request: 230006.554409 seconds.
  path: Assets/Fbx/Amy.fbx
  artifactKey: Guid(ebf3baf5c5ea34a24b2e8c613347f81a) Importer(815301076,1909f56bfc062723c751e8b465ee728b)
Start importing Assets/Fbx/Amy.fbx using Guid(ebf3baf5c5ea34a24b2e8c613347f81a) Importer(815301076,1909f56bfc062723c751e8b465ee728b)  -> (artifact id: '662e700fc20fb20db7fc11833afc395b') in 0.709086 seconds 
========================================================================
Received Import Request.
  Time since last request: 0.000034 seconds.
  path: Assets/Fbx/Amy@Run.fbx
  artifactKey: Guid(c973eaecc936544e8bc87a6f261623fd) Importer(815301076,1909f56bfc062723c751e8b465ee728b)
Start importing Assets/Fbx/Amy@Run.fbx using Guid(c973eaecc936544e8bc87a6f261623fd) Importer(815301076,1909f56bfc062723c751e8b465ee728b)  -> (artifact id: '7d1e138a52bb2530494a15d66b4cf862') in 0.053124 seconds 
========================================================================
Received Import Request.
  Time since last request: 0.000024 seconds.
  path: Assets/Images/logo_transparent.png
  artifactKey: Guid(787a67d94e7aa407b96fb752dd192535) Importer(815301076,1909f56bfc062723c751e8b465ee728b)
Start importing Assets/Images/logo_transparent.png using Guid(787a67d94e7aa407b96fb752dd192535) Importer(815301076,1909f56bfc062723c751e8b465ee728b)  -> (artifact id: '7e70bc2baf17ae7022a9b7ffc4407aa6') in 0.071201 seconds 
========================================================================
Received Import Request.
  Time since last request: 0.000070 seconds.
  path: Assets/Fbx/Ortiz@WalkBack.fbx
  artifactKey: Guid(62e6b85d5cc6f41629bb05362f9dd44e) Importer(815301076,1909f56bfc062723c751e8b465ee728b)
Start importing Assets/Fbx/Ortiz@WalkBack.fbx using Guid(62e6b85d5cc6f41629bb05362f9dd44e) Importer(815301076,1909f56bfc062723c751e8b465ee728b)  -> (artifact id: 'a758f6288556e9e0fdd1286802cccb46') in 0.049258 seconds 
========================================================================
Received Import Request.
  Time since last request: 0.000068 seconds.
  path: Assets/Images/Amy.png
  artifactKey: Guid(af407102444a74039a35abe580030511) Importer(815301076,1909f56bfc062723c751e8b465ee728b)
Start importing Assets/Images/Amy.png using Guid(af407102444a74039a35abe580030511) Importer(815301076,1909f56bfc062723c751e8b465ee728b)  -> (artifact id: 'd28fc641c8e0fce0b5525b155c297a35') in 0.152069 seconds 
========================================================================
Received Import Request.
  Time since last request: 0.000127 seconds.
  path: Assets/Fbx/Amy@Dying.fbx
  artifactKey: Guid(f8eed66bf08f040efae43b8fffb48b75) Importer(815301076,1909f56bfc062723c751e8b465ee728b)
Start importing Assets/Fbx/Amy@Dying.fbx using Guid(f8eed66bf08f040efae43b8fffb48b75) Importer(815301076,1909f56bfc062723c751e8b465ee728b)  -> (artifact id: '05815ae82f9a3e63b30a83ecfff8280b') in 0.086629 seconds 
========================================================================
Received Import Request.
  Time since last request: 0.000036 seconds.
  path: Assets/Fbx/Boss@FlyingPunch.fbx
  artifactKey: Guid(975da7cb63ee34b788a8edfc0efe4e8c) Importer(815301076,1909f56bfc062723c751e8b465ee728b)
Start importing Assets/Fbx/Boss@FlyingPunch.fbx using Guid(975da7cb63ee34b788a8edfc0efe4e8c) Importer(815301076,1909f56bfc062723c751e8b465ee728b)  -> (artifact id: 'ef1527c1c899d41c666046c1e1edb7dc') in 0.067945 seconds 
========================================================================
Received Import Request.
  Time since last request: 0.000016 seconds.
  path: Assets/Images/Remy.png
  artifactKey: Guid(95cd3a80da848431694fe29ac43b0c49) Importer(815301076,1909f56bfc062723c751e8b465ee728b)
Start importing Assets/Images/Remy.png using Guid(95cd3a80da848431694fe29ac43b0c49) Importer(815301076,1909f56bfc062723c751e8b465ee728b)  -> (artifact id: '2743265163ba71a500afbc8894314beb') in 0.062223 seconds 
========================================================================
Received Import Request.
  Time since last request: 0.000023 seconds.
  path: Assets/Fbx/Ortiz@FlyingPunch.fbx
  artifactKey: Guid(b50deec22c4144246bf3e610f7bfdd5f) Importer(815301076,1909f56bfc062723c751e8b465ee728b)
Start importing Assets/Fbx/Ortiz@FlyingPunch.fbx using Guid(b50deec22c4144246bf3e610f7bfdd5f) Importer(815301076,1909f56bfc062723c751e8b465ee728b)  -> (artifact id: 'b1cbad894ff2c00e999c9cdab52d6016') in 0.109846 seconds 
========================================================================
Received Import Request.
  Time since last request: 0.000031 seconds.
  path: Assets/Fbx/Amy@HitToHead.fbx
  artifactKey: Guid(bdf3d8c1aa71d42c9a146bd3a39ea797) Importer(815301076,1909f56bfc062723c751e8b465ee728b)
Start importing Assets/Fbx/Amy@HitToHead.fbx using Guid(bdf3d8c1aa71d42c9a146bd3a39ea797) Importer(815301076,1909f56bfc062723c751e8b465ee728b)  -> (artifact id: '4de5af3d7e5dbf1f2f91d0aaa5cecd31') in 0.133785 seconds 
========================================================================
Received Import Request.
  Time since last request: 0.000024 seconds.
  path: Assets/Fbx/Ortiz.fbx
  artifactKey: Guid(7d7d996ce9e39484b995583ab4516fc0) Importer(815301076,1909f56bfc062723c751e8b465ee728b)
Start importing Assets/Fbx/Ortiz.fbx using Guid(7d7d996ce9e39484b995583ab4516fc0) Importer(815301076,1909f56bfc062723c751e8b465ee728b)  -> (artifact id: '99210885abe0499f17a14d76e97d469d') in 0.304580 seconds 
========================================================================
Received Import Request.
  Time since last request: 0.000019 seconds.
  path: Assets/Fbx/Ortiz@Idle.fbx
  artifactKey: Guid(3c75d277e458b4d619378b3d066cdfc7) Importer(815301076,1909f56bfc062723c751e8b465ee728b)
Start importing Assets/Fbx/Ortiz@Idle.fbx using Guid(3c75d277e458b4d619378b3d066cdfc7) Importer(815301076,1909f56bfc062723c751e8b465ee728b)  -> (artifact id: '82544ec428ffe1133d6776e7aec50a48') in 0.035423 seconds 
========================================================================
Received Import Request.
  Time since last request: 0.000114 seconds.
  path: Assets/Fbx/Boss.fbx
  artifactKey: Guid(81b3d48f4cf5b4a97a4a231f6474ee16) Importer(815301076,1909f56bfc062723c751e8b465ee728b)
Start importing Assets/Fbx/Boss.fbx using Guid(81b3d48f4cf5b4a97a4a231f6474ee16) Importer(815301076,1909f56bfc062723c751e8b465ee728b)  -> (artifact id: '02a661ecc6663d2e6111cc5dd7585a96') in 0.312827 seconds 
========================================================================
Received Import Request.
  Time since last request: 0.000015 seconds.
  path: Assets/Fbx/Boss@Dying.fbx
  artifactKey: Guid(9136338d238f6408b9a6fe0099185ce7) Importer(815301076,1909f56bfc062723c751e8b465ee728b)
Start importing Assets/Fbx/Boss@Dying.fbx using Guid(9136338d238f6408b9a6fe0099185ce7) Importer(815301076,1909f56bfc062723c751e8b465ee728b)  -> (artifact id: 'fdba3213cb5ffec88b225f07843278b5') in 0.083994 seconds 
========================================================================
Received Import Request.
  Time since last request: 0.000031 seconds.
  path: Assets/Fbx/Remy@Idle.fbx
  artifactKey: Guid(55204f42120a84c399557d886153f97b) Importer(815301076,1909f56bfc062723c751e8b465ee728b)
Start importing Assets/Fbx/Remy@Idle.fbx using Guid(55204f42120a84c399557d886153f97b) Importer(815301076,1909f56bfc062723c751e8b465ee728b)  -> (artifact id: 'a355d3a099852c5b7a1f86fc4db2a4bf') in 0.018480 seconds 
========================================================================
Received Import Request.
  Time since last request: 0.000014 seconds.
  path: Assets/Fbx/Amy@WalkBack.fbx
  artifactKey: Guid(23cd3f2598fa043e1a5697de7d54f0f4) Importer(815301076,1909f56bfc062723c751e8b465ee728b)
Start importing Assets/Fbx/Amy@WalkBack.fbx using Guid(23cd3f2598fa043e1a5697de7d54f0f4) Importer(815301076,1909f56bfc062723c751e8b465ee728b)  -> (artifact id: 'f6e8cee662811a477c0123e85324fc93') in 0.076271 seconds 
========================================================================
Received Import Request.
  Time since last request: 0.000017 seconds.
  path: Assets/Fbx/Boss@Punch.fbx
  artifactKey: Guid(753e13a04e47e458db1b161b933d2846) Importer(815301076,1909f56bfc062723c751e8b465ee728b)
Start importing Assets/Fbx/Boss@Punch.fbx using Guid(753e13a04e47e458db1b161b933d2846) Importer(815301076,1909f56bfc062723c751e8b465ee728b)  -> (artifact id: 'e19a0d0d99d8499531485be0d745726e') in 0.023806 seconds 
========================================================================
Received Import Request.
  Time since last request: 0.000014 seconds.
  path: Assets/Fbx/Remy@Run.fbx
  artifactKey: Guid(0a9e7cde40ddc48d292f3ab3ed65bbc0) Importer(815301076,1909f56bfc062723c751e8b465ee728b)
Start importing Assets/Fbx/Remy@Run.fbx using Guid(0a9e7cde40ddc48d292f3ab3ed65bbc0) Importer(815301076,1909f56bfc062723c751e8b465ee728b)  -> (artifact id: 'f4974d90f19c9557704a5c1b3306e2d2') in 0.034938 seconds 
========================================================================
Received Import Request.
  Time since last request: 0.000019 seconds.
  path: Assets/Fbx/Remy@Dying.fbx
  artifactKey: Guid(5dc3ee70505d74bbbb7f881dfa841c5a) Importer(815301076,1909f56bfc062723c751e8b465ee728b)
Start importing Assets/Fbx/Remy@Dying.fbx using Guid(5dc3ee70505d74bbbb7f881dfa841c5a) Importer(815301076,1909f56bfc062723c751e8b465ee728b)  -> (artifact id: 'cc8e59ad045b09aa9b8e0af1ab979bb8') in 0.055819 seconds 
========================================================================
Received Import Request.
  Time since last request: 0.000039 seconds.
  path: Assets/Fonts/Nunito-Regular SDF.asset
  artifactKey: Guid(8a4ea5b7d775d4f9b81c79554969d184) Importer(815301076,1909f56bfc062723c751e8b465ee728b)
Start importing Assets/Fonts/Nunito-Regular SDF.asset using Guid(8a4ea5b7d775d4f9b81c79554969d184) Importer(815301076,1909f56bfc062723c751e8b465ee728b)  -> (artifact id: '90949a471e777f6eec3621f0234656a1') in 0.101985 seconds 
========================================================================
Received Import Request.
  Time since last request: 0.000018 seconds.
  path: Assets/Fbx/Remy@HitToHead.fbx
  artifactKey: Guid(92cbfa53813fd40cf9d9aa80e82dfb6d) Importer(815301076,1909f56bfc062723c751e8b465ee728b)
Start importing Assets/Fbx/Remy@HitToHead.fbx using Guid(92cbfa53813fd40cf9d9aa80e82dfb6d) Importer(815301076,1909f56bfc062723c751e8b465ee728b)  -> (artifact id: '67be59d6fab097921c6587c2d1f8eb1c') in 0.010814 seconds 
========================================================================
Received Import Request.
  Time since last request: 0.000017 seconds.
  path: Assets/Fbx/Amy@FlyingPunch.fbx
  artifactKey: Guid(94cfd0de1fa1544be826afffae79a655) Importer(815301076,1909f56bfc062723c751e8b465ee728b)
Start importing Assets/Fbx/Amy@FlyingPunch.fbx using Guid(94cfd0de1fa1544be826afffae79a655) Importer(815301076,1909f56bfc062723c751e8b465ee728b)  -> (artifact id: 'cf45f0a4d298ba0228b462c1bcffd226') in 0.024564 seconds 
========================================================================
Received Import Request.
  Time since last request: 0.000031 seconds.
  path: Assets/Fbx/Ortiz@Run.fbx
  artifactKey: Guid(4c665c7f5d8a74ba09203b634c66ab60) Importer(815301076,1909f56bfc062723c751e8b465ee728b)
Start importing Assets/Fbx/Ortiz@Run.fbx using Guid(4c665c7f5d8a74ba09203b634c66ab60) Importer(815301076,1909f56bfc062723c751e8b465ee728b)  -> (artifact id: '6f5ad77583eab4b578f885094af44dc6') in 0.007261 seconds 
========================================================================
Received Import Request.
  Time since last request: 0.000038 seconds.
  path: Assets/Fbx/Ortiz@Punch.fbx
  artifactKey: Guid(62b49eeae0bdd4a71bbcef34cd03a0b4) Importer(815301076,1909f56bfc062723c751e8b465ee728b)
Start importing Assets/Fbx/Ortiz@Punch.fbx using Guid(62b49eeae0bdd4a71bbcef34cd03a0b4) Importer(815301076,1909f56bfc062723c751e8b465ee728b)  -> (artifact id: '6f4dca21647338ed6936260d96be1a25') in 0.007397 seconds 
========================================================================
Received Import Request.
  Time since last request: 0.000020 seconds.
  path: Assets/Fbx/Remy@Punch.fbx
  artifactKey: Guid(5271e0f14363b412fac9b8a124b89fdf) Importer(815301076,1909f56bfc062723c751e8b465ee728b)
Start importing Assets/Fbx/Remy@Punch.fbx using Guid(5271e0f14363b412fac9b8a124b89fdf) Importer(815301076,1909f56bfc062723c751e8b465ee728b)  -> (artifact id: 'c802d5724fd26570551886f073cde84b') in 1.173212 seconds 
========================================================================
Received Import Request.
  Time since last request: 18.523730 seconds.
  path: Assets/Materials/Floor.mat
  artifactKey: Guid(849194d6336254f139a99aa259eb494a) Importer(815301076,1909f56bfc062723c751e8b465ee728b)
Start importing Assets/Materials/Floor.mat using Guid(849194d6336254f139a99aa259eb494a) Importer(815301076,1909f56bfc062723c751e8b465ee728b)  -> (artifact id: 'c3b89d5ab8dc71797296b300fa775673') in 0.341531 seconds 
========================================================================
Received Import Request.
  Time since last request: 38.627868 seconds.
  path: Assets/textures/forrest_ground_01_diff_4k.jpg
  artifactKey: Guid(4f2e24a6531db6046af6275763c1a3dd) Importer(815301076,1909f56bfc062723c751e8b465ee728b)
Start importing Assets/textures/forrest_ground_01_diff_4k.jpg using Guid(4f2e24a6531db6046af6275763c1a3dd) Importer(815301076,1909f56bfc062723c751e8b465ee728b)  -> (artifact id: '74a7fabf69d8a43f51b0dd12649b929e') in 0.387623 seconds 
========================================================================
Received Prepare
Registering precompiled user dll's ...
Registered in 0.003128 seconds.
Begin MonoManager ReloadAssembly
Symbol file LoadedFromMemory doesn't match image D:\All Files\Metaverse\Unity\Project\My project (2)\Library\PackageCache\com.unity.visualscripting@1.8.0\Editor\VisualScripting.Core\Dependencies\YamlDotNet\Unity.VisualScripting.YamlDotNet.dll
Symbol file LoadedFromMemory doesn't match image D:\All Files\Metaverse\Unity\Project\My project (2)\Library\PackageCache\com.unity.visualscripting@1.8.0\Editor\VisualScripting.Core\Dependencies\DotNetZip\Unity.VisualScripting.IonicZip.dll
Native extension for WindowsStandalone target not found
Native extension for Android target not found
Refreshing native plugins compatible for Editor in 1.14 ms, found 3 plugins.
Preloading 0 native plugins for Editor in 0.00 ms.
Mono: successfully reloaded assembly
- Completed reload, in  1.110 seconds
Domain Reload Profiling:
	ReloadAssembly (1111ms)
		BeginReloadAssembly (160ms)
			ExecutionOrderSort (0ms)
			DisableScriptedObjects (5ms)
			BackupInstance (0ms)
			ReleaseScriptingObjects (0ms)
			CreateAndSetChildDomain (38ms)
		EndReloadAssembly (845ms)
			LoadAssemblies (101ms)
			RebuildTransferFunctionScriptingTraits (0ms)
			SetupTypeCache (300ms)
			ReleaseScriptCaches (1ms)
			RebuildScriptCaches (44ms)
			SetupLoadedEditorAssemblies (367ms)
				LogAssemblyErrors (0ms)
				InitializePlatformSupportModulesInManaged (29ms)
				SetLoadedEditorAssemblies (1ms)
				RefreshPlugins (1ms)
				BeforeProcessingInitializeOnLoad (84ms)
				ProcessInitializeOnLoadAttributes (219ms)
				ProcessInitializeOnLoadMethodAttributes (21ms)
				AfterProcessingInitializeOnLoad (12ms)
				EditorAssembliesLoaded (0ms)
			ExecutionOrderSort2 (0ms)
			AwakeInstancesAfterBackupRestoration (6ms)
Platform modules already initialized, skipping
Refreshing native plugins compatible for Editor in 1.87 ms, found 3 plugins.
Preloading 0 native plugins for Editor in 0.00 ms.
Unloading 3092 Unused Serialized files (Serialized files now loaded: 0)
Unloading 18 unused Assets / (94.3 KB). Loaded Objects now: 3633.
Memory consumption went from 128.1 MB to 128.0 MB.
Total: 4.619100 ms (FindLiveObjects: 0.368800 ms CreateObjectMapping: 0.273500 ms MarkObjects: 3.732300 ms  DeleteObjects: 0.243400 ms)

AssetImportParameters requested are different than current active one (requested -> active):
  custom:video-decoder-ogg-theora: a1e56fd34408186e4bbccfd4996cb3dc -> 
  custom:container-muxer-webm: aa71ff27fc2769a1b78a27578f13a17b -> 
  custom:container-demuxer-webm: 4f35f7cbe854078d1ac9338744f61a02 -> 
  custom:video-encoder-webm-vp8: eb34c28f22e8b96e1ab97ce403110664 -> 
  custom:video-codec-MediaFoundation-h265: 746d11721c4dcdbdad8f713fa42b33f4 -> 
  custom:audio-encoder-webm-vorbis: bf7c407c2cedff20999df2af8eb42d56 -> 
  custom:framework-win-MediaFoundation: 216162199b28c13a410421893ffa2e32 -> 
  custom:container-demuxer-ogg: 62fdf1f143b41e24485cea50d1cbac27 -> 
  custom:video-decoder-webm-vp8: 9c59270c3fd7afecdb556c50c9e8de78 -> 
  custom:audio-decoder-ogg-vorbis: bf7c407c2cedff20999df2af8eb42d56 -> 
========================================================================
Received Prepare
Registering precompiled user dll's ...
Registered in 0.004379 seconds.
Begin MonoManager ReloadAssembly
Symbol file LoadedFromMemory doesn't match image D:\All Files\Metaverse\Unity\Project\My project (2)\Library\PackageCache\com.unity.visualscripting@1.8.0\Editor\VisualScripting.Core\Dependencies\YamlDotNet\Unity.VisualScripting.YamlDotNet.dll
Symbol file LoadedFromMemory doesn't match image D:\All Files\Metaverse\Unity\Project\My project (2)\Library\PackageCache\com.unity.visualscripting@1.8.0\Editor\VisualScripting.Core\Dependencies\DotNetZip\Unity.VisualScripting.IonicZip.dll
Native extension for WindowsStandalone target not found
Native extension for Android target not found
Refreshing native plugins compatible for Editor in 0.60 ms, found 3 plugins.
Preloading 0 native plugins for Editor in 0.00 ms.
Mono: successfully reloaded assembly
- Completed reload, in  1.513 seconds
Domain Reload Profiling:
	ReloadAssembly (1514ms)
		BeginReloadAssembly (204ms)
			ExecutionOrderSort (0ms)
			DisableScriptedObjects (8ms)
			BackupInstance (0ms)
			ReleaseScriptingObjects (0ms)
			CreateAndSetChildDomain (46ms)
		EndReloadAssembly (1136ms)
			LoadAssemblies (146ms)
			RebuildTransferFunctionScriptingTraits (0ms)
			SetupTypeCache (400ms)
			ReleaseScriptCaches (1ms)
			RebuildScriptCaches (51ms)
			SetupLoadedEditorAssemblies (492ms)
				LogAssemblyErrors (0ms)
				InitializePlatformSupportModulesInManaged (29ms)
				SetLoadedEditorAssemblies (0ms)
				RefreshPlugins (1ms)
				BeforeProcessingInitializeOnLoad (88ms)
				ProcessInitializeOnLoadAttributes (305ms)
				ProcessInitializeOnLoadMethodAttributes (44ms)
				AfterProcessingInitializeOnLoad (25ms)
				EditorAssembliesLoaded (0ms)
			ExecutionOrderSort2 (0ms)
			AwakeInstancesAfterBackupRestoration (14ms)
Platform modules already initialized, skipping
Refreshing native plugins compatible for Editor in 1.70 ms, found 3 plugins.
Preloading 0 native plugins for Editor in 0.00 ms.
Unloading 3092 Unused Serialized files (Serialized files now loaded: 0)
Unloading 18 unused Assets / (94.3 KB). Loaded Objects now: 3636.
Memory consumption went from 128.1 MB to 128.0 MB.
Total: 3.971900 ms (FindLiveObjects: 0.387800 ms CreateObjectMapping: 0.250600 ms MarkObjects: 3.193900 ms  DeleteObjects: 0.138500 ms)

AssetImportParameters requested are different than current active one (requested -> active):
  custom:video-decoder-ogg-theora: a1e56fd34408186e4bbccfd4996cb3dc -> 
  custom:container-muxer-webm: aa71ff27fc2769a1b78a27578f13a17b -> 
  custom:container-demuxer-webm: 4f35f7cbe854078d1ac9338744f61a02 -> 
  custom:video-encoder-webm-vp8: eb34c28f22e8b96e1ab97ce403110664 -> 
  custom:video-codec-MediaFoundation-h265: 746d11721c4dcdbdad8f713fa42b33f4 -> 
  custom:audio-encoder-webm-vorbis: bf7c407c2cedff20999df2af8eb42d56 -> 
  custom:framework-win-MediaFoundation: 216162199b28c13a410421893ffa2e32 -> 
  custom:container-demuxer-ogg: 62fdf1f143b41e24485cea50d1cbac27 -> 
  custom:video-decoder-webm-vp8: 9c59270c3fd7afecdb556c50c9e8de78 -> 
  custom:audio-decoder-ogg-vorbis: bf7c407c2cedff20999df2af8eb42d56 -> 
========================================================================
Received Prepare
Registering precompiled user dll's ...
Registered in 0.003017 seconds.
Begin MonoManager ReloadAssembly
Symbol file LoadedFromMemory doesn't match image D:\All Files\Metaverse\Unity\Project\My project (2)\Library\PackageCache\com.unity.visualscripting@1.8.0\Editor\VisualScripting.Core\Dependencies\YamlDotNet\Unity.VisualScripting.YamlDotNet.dll
Symbol file LoadedFromMemory doesn't match image D:\All Files\Metaverse\Unity\Project\My project (2)\Library\PackageCache\com.unity.visualscripting@1.8.0\Editor\VisualScripting.Core\Dependencies\DotNetZip\Unity.VisualScripting.IonicZip.dll
Native extension for WindowsStandalone target not found
Native extension for Android target not found
Refreshing native plugins compatible for Editor in 0.94 ms, found 3 plugins.
Preloading 0 native plugins for Editor in 0.00 ms.
Mono: successfully reloaded assembly
- Completed reload, in  1.311 seconds
Domain Reload Profiling:
	ReloadAssembly (1312ms)
		BeginReloadAssembly (160ms)
			ExecutionOrderSort (0ms)
			DisableScriptedObjects (6ms)
			BackupInstance (0ms)
			ReleaseScriptingObjects (0ms)
			CreateAndSetChildDomain (36ms)
		EndReloadAssembly (1028ms)
			LoadAssemblies (103ms)
			RebuildTransferFunctionScriptingTraits (0ms)
			SetupTypeCache (367ms)
			ReleaseScriptCaches (1ms)
			RebuildScriptCaches (63ms)
			SetupLoadedEditorAssemblies (425ms)
				LogAssemblyErrors (0ms)
				InitializePlatformSupportModulesInManaged (33ms)
				SetLoadedEditorAssemblies (1ms)
				RefreshPlugins (1ms)
				BeforeProcessingInitializeOnLoad (87ms)
				ProcessInitializeOnLoadAttributes (259ms)
				ProcessInitializeOnLoadMethodAttributes (29ms)
				AfterProcessingInitializeOnLoad (15ms)
				EditorAssembliesLoaded (0ms)
			ExecutionOrderSort2 (0ms)
			AwakeInstancesAfterBackupRestoration (8ms)
Platform modules already initialized, skipping
Refreshing native plugins compatible for Editor in 1.82 ms, found 3 plugins.
Preloading 0 native plugins for Editor in 0.00 ms.
Unloading 3092 Unused Serialized files (Serialized files now loaded: 0)
Unloading 18 unused Assets / (94.5 KB). Loaded Objects now: 3639.
Memory consumption went from 128.1 MB to 128.0 MB.
Total: 3.794300 ms (FindLiveObjects: 0.275500 ms CreateObjectMapping: 0.168900 ms MarkObjects: 3.198400 ms  DeleteObjects: 0.150300 ms)

AssetImportParameters requested are different than current active one (requested -> active):
  custom:video-decoder-ogg-theora: a1e56fd34408186e4bbccfd4996cb3dc -> 
  custom:container-muxer-webm: aa71ff27fc2769a1b78a27578f13a17b -> 
  custom:container-demuxer-webm: 4f35f7cbe854078d1ac9338744f61a02 -> 
  custom:video-encoder-webm-vp8: eb34c28f22e8b96e1ab97ce403110664 -> 
  custom:video-codec-MediaFoundation-h265: 746d11721c4dcdbdad8f713fa42b33f4 -> 
  custom:audio-encoder-webm-vorbis: bf7c407c2cedff20999df2af8eb42d56 -> 
  custom:framework-win-MediaFoundation: 216162199b28c13a410421893ffa2e32 -> 
  custom:container-demuxer-ogg: 62fdf1f143b41e24485cea50d1cbac27 -> 
  custom:video-decoder-webm-vp8: 9c59270c3fd7afecdb556c50c9e8de78 -> 
  custom:audio-decoder-ogg-vorbis: bf7c407c2cedff20999df2af8eb42d56 -> 
========================================================================
Received Prepare
Registering precompiled user dll's ...
Registered in 0.004040 seconds.
Begin MonoManager ReloadAssembly
Symbol file LoadedFromMemory doesn't match image D:\All Files\Metaverse\Unity\Project\My project (2)\Library\PackageCache\com.unity.visualscripting@1.8.0\Editor\VisualScripting.Core\Dependencies\YamlDotNet\Unity.VisualScripting.YamlDotNet.dll
Symbol file LoadedFromMemory doesn't match image D:\All Files\Metaverse\Unity\Project\My project (2)\Library\PackageCache\com.unity.visualscripting@1.8.0\Editor\VisualScripting.Core\Dependencies\DotNetZip\Unity.VisualScripting.IonicZip.dll
Native extension for WindowsStandalone target not found
Native extension for Android target not found
Refreshing native plugins compatible for Editor in 0.92 ms, found 3 plugins.
Preloading 0 native plugins for Editor in 0.00 ms.
Mono: successfully reloaded assembly
- Completed reload, in  1.122 seconds
Domain Reload Profiling:
	ReloadAssembly (1123ms)
		BeginReloadAssembly (139ms)
			ExecutionOrderSort (0ms)
			DisableScriptedObjects (5ms)
			BackupInstance (0ms)
			ReleaseScriptingObjects (0ms)
			CreateAndSetChildDomain (29ms)
		EndReloadAssembly (887ms)
			LoadAssemblies (97ms)
			RebuildTransferFunctionScriptingTraits (0ms)
			SetupTypeCache (304ms)
			ReleaseScriptCaches (1ms)
			RebuildScriptCaches (51ms)
			SetupLoadedEditorAssemblies (379ms)
				LogAssemblyErrors (0ms)
				InitializePlatformSupportModulesInManaged (28ms)
				SetLoadedEditorAssemblies (1ms)
				RefreshPlugins (1ms)
				BeforeProcessingInitializeOnLoad (74ms)
				ProcessInitializeOnLoadAttributes (238ms)
				ProcessInitializeOnLoadMethodAttributes (25ms)
				AfterProcessingInitializeOnLoad (12ms)
				EditorAssembliesLoaded (0ms)
			ExecutionOrderSort2 (0ms)
			AwakeInstancesAfterBackupRestoration (7ms)
Platform modules already initialized, skipping
Refreshing native plugins compatible for Editor in 2.34 ms, found 3 plugins.
Preloading 0 native plugins for Editor in 0.00 ms.
Unloading 3092 Unused Serialized files (Serialized files now loaded: 0)
Unloading 18 unused Assets / (94.4 KB). Loaded Objects now: 3642.
Memory consumption went from 128.1 MB to 128.0 MB.
Total: 3.446800 ms (FindLiveObjects: 0.306200 ms CreateObjectMapping: 0.175200 ms MarkObjects: 2.852800 ms  DeleteObjects: 0.111600 ms)

AssetImportParameters requested are different than current active one (requested -> active):
  custom:video-decoder-ogg-theora: a1e56fd34408186e4bbccfd4996cb3dc -> 
  custom:container-muxer-webm: aa71ff27fc2769a1b78a27578f13a17b -> 
  custom:container-demuxer-webm: 4f35f7cbe854078d1ac9338744f61a02 -> 
  custom:video-encoder-webm-vp8: eb34c28f22e8b96e1ab97ce403110664 -> 
  custom:video-codec-MediaFoundation-h265: 746d11721c4dcdbdad8f713fa42b33f4 -> 
  custom:audio-encoder-webm-vorbis: bf7c407c2cedff20999df2af8eb42d56 -> 
  custom:framework-win-MediaFoundation: 216162199b28c13a410421893ffa2e32 -> 
  custom:container-demuxer-ogg: 62fdf1f143b41e24485cea50d1cbac27 -> 
  custom:video-decoder-webm-vp8: 9c59270c3fd7afecdb556c50c9e8de78 -> 
  custom:audio-decoder-ogg-vorbis: bf7c407c2cedff20999df2af8eb42d56 -> 
========================================================================
Received Import Request.
  Time since last request: 463.138637 seconds.
  path: Assets/Scripts/AppController.cs
  artifactKey: Guid(9c7e056d2986a495693f31ac424e21e3) Importer(815301076,1909f56bfc062723c751e8b465ee728b)
Start importing Assets/Scripts/AppController.cs using Guid(9c7e056d2986a495693f31ac424e21e3) Importer(815301076,1909f56bfc062723c751e8b465ee728b)  -> (artifact id: '333b80027b27f47cf6025662fa066770') in 0.031509 seconds 
========================================================================
Received Import Request.
  Time since last request: 3.641276 seconds.
  path: Assets/Scripts/CharacterController.cs
  artifactKey: Guid(bb3abc9c084e84e379f1ba4cf5d4d2b1) Importer(815301076,1909f56bfc062723c751e8b465ee728b)
Start importing Assets/Scripts/CharacterController.cs using Guid(bb3abc9c084e84e379f1ba4cf5d4d2b1) Importer(815301076,1909f56bfc062723c751e8b465ee728b)  -> (artifact id: '042c2a8c50fd43dd2fde865261fd00ee') in 0.001385 seconds 
========================================================================
Received Prepare
Registering precompiled user dll's ...
Registered in 0.004210 seconds.
Begin MonoManager ReloadAssembly
Symbol file LoadedFromMemory doesn't match image D:\All Files\Metaverse\Unity\Project\My project (2)\Library\PackageCache\com.unity.visualscripting@1.8.0\Editor\VisualScripting.Core\Dependencies\YamlDotNet\Unity.VisualScripting.YamlDotNet.dll
Symbol file LoadedFromMemory doesn't match image D:\All Files\Metaverse\Unity\Project\My project (2)\Library\PackageCache\com.unity.visualscripting@1.8.0\Editor\VisualScripting.Core\Dependencies\DotNetZip\Unity.VisualScripting.IonicZip.dll
Native extension for WindowsStandalone target not found
Native extension for Android target not found
Refreshing native plugins compatible for Editor in 0.75 ms, found 3 plugins.
Preloading 0 native plugins for Editor in 0.00 ms.
Mono: successfully reloaded assembly
- Completed reload, in  1.029 seconds
Domain Reload Profiling:
	ReloadAssembly (1030ms)
		BeginReloadAssembly (151ms)
			ExecutionOrderSort (0ms)
			DisableScriptedObjects (5ms)
			BackupInstance (0ms)
			ReleaseScriptingObjects (0ms)
			CreateAndSetChildDomain (34ms)
		EndReloadAssembly (788ms)
			LoadAssemblies (96ms)
			RebuildTransferFunctionScriptingTraits (0ms)
			SetupTypeCache (274ms)
			ReleaseScriptCaches (1ms)
			RebuildScriptCaches (40ms)
			SetupLoadedEditorAssemblies (353ms)
				LogAssemblyErrors (0ms)
				InitializePlatformSupportModulesInManaged (26ms)
				SetLoadedEditorAssemblies (0ms)
				RefreshPlugins (1ms)
				BeforeProcessingInitializeOnLoad (74ms)
				ProcessInitializeOnLoadAttributes (216ms)
				ProcessInitializeOnLoadMethodAttributes (23ms)
				AfterProcessingInitializeOnLoad (12ms)
				EditorAssembliesLoaded (0ms)
			ExecutionOrderSort2 (0ms)
			AwakeInstancesAfterBackupRestoration (7ms)
Platform modules already initialized, skipping
Refreshing native plugins compatible for Editor in 1.41 ms, found 3 plugins.
Preloading 0 native plugins for Editor in 0.00 ms.
Unloading 3092 Unused Serialized files (Serialized files now loaded: 0)
Unloading 18 unused Assets / (94.4 KB). Loaded Objects now: 3645.
Memory consumption went from 128.1 MB to 128.0 MB.
Total: 2.701200 ms (FindLiveObjects: 0.232800 ms CreateObjectMapping: 0.140100 ms MarkObjects: 2.223100 ms  DeleteObjects: 0.104100 ms)

AssetImportParameters requested are different than current active one (requested -> active):
  custom:video-decoder-ogg-theora: a1e56fd34408186e4bbccfd4996cb3dc -> 
  custom:container-muxer-webm: aa71ff27fc2769a1b78a27578f13a17b -> 
  custom:container-demuxer-webm: 4f35f7cbe854078d1ac9338744f61a02 -> 
  custom:video-encoder-webm-vp8: eb34c28f22e8b96e1ab97ce403110664 -> 
  custom:video-codec-MediaFoundation-h265: 746d11721c4dcdbdad8f713fa42b33f4 -> 
  custom:audio-encoder-webm-vorbis: bf7c407c2cedff20999df2af8eb42d56 -> 
  custom:framework-win-MediaFoundation: 216162199b28c13a410421893ffa2e32 -> 
  custom:container-demuxer-ogg: 62fdf1f143b41e24485cea50d1cbac27 -> 
  custom:video-decoder-webm-vp8: 9c59270c3fd7afecdb556c50c9e8de78 -> 
  custom:audio-decoder-ogg-vorbis: bf7c407c2cedff20999df2af8eb42d56 -> 
